c:\users\veljk\onedrive\desktop\cs233-pz-veljkoarsic-2676\cs233-pz-veljkoarsic-2676\baller\lib\win32release\baller.ipdb
c:\users\veljk\onedrive\desktop\cs233-pz-veljkoarsic-2676\cs233-pz-veljkoarsic-2676\baller\lib\win32release\baller.iobj
c:\users\veljk\onedrive\desktop\cs233-pz-veljkoarsic-2676\cs233-pz-veljkoarsic-2676\baller\temp\ballerwin32release\vc142.pdb
c:\users\veljk\onedrive\desktop\cs233-pz-veljkoarsic-2676\cs233-pz-veljkoarsic-2676\baller\temp\ballerwin32release\main.obj
c:\users\veljk\onedrive\desktop\cs233-pz-veljkoarsic-2676\cs233-pz-veljkoarsic-2676\baller\temp\ballerwin32release\gameobject.obj
c:\users\veljk\onedrive\desktop\cs233-pz-veljkoarsic-2676\cs233-pz-veljkoarsic-2676\baller\temp\ballerwin32release\debugdrawer.obj
c:\users\veljk\onedrive\desktop\cs233-pz-veljkoarsic-2676\cs233-pz-veljkoarsic-2676\baller\temp\ballerwin32release\bulletopenglapplication.obj
c:\users\veljk\onedrive\desktop\cs233-pz-veljkoarsic-2676\cs233-pz-veljkoarsic-2676\baller\temp\ballerwin32release\basicdemo.obj
c:\users\veljk\onedrive\desktop\cs233-pz-veljkoarsic-2676\cs233-pz-veljkoarsic-2676\baller\lib\win32release\baller.exe
c:\users\veljk\onedrive\desktop\cs233-pz-veljkoarsic-2676\cs233-pz-veljkoarsic-2676\baller\lib\win32release\baller.pdb
c:\users\veljk\onedrive\desktop\cs233-pz-veljkoarsic-2676\cs233-pz-veljkoarsic-2676\baller\baller\..\lib\win32release\baller.pdb
c:\users\veljk\onedrive\desktop\cs233-pz-veljkoarsic-2676\cs233-pz-veljkoarsic-2676\baller\baller\..\lib\win32release\baller.exe
c:\users\veljk\onedrive\desktop\cs233-pz-veljkoarsic-2676\cs233-pz-veljkoarsic-2676\baller\temp\ballerwin32release\baller.tlog\baller.write.1u.tlog
c:\users\veljk\onedrive\desktop\cs233-pz-veljkoarsic-2676\cs233-pz-veljkoarsic-2676\baller\temp\ballerwin32release\baller.tlog\cl.command.1.tlog
c:\users\veljk\onedrive\desktop\cs233-pz-veljkoarsic-2676\cs233-pz-veljkoarsic-2676\baller\temp\ballerwin32release\baller.tlog\cl.read.1.tlog
c:\users\veljk\onedrive\desktop\cs233-pz-veljkoarsic-2676\cs233-pz-veljkoarsic-2676\baller\temp\ballerwin32release\baller.tlog\cl.write.1.tlog
c:\users\veljk\onedrive\desktop\cs233-pz-veljkoarsic-2676\cs233-pz-veljkoarsic-2676\baller\temp\ballerwin32release\baller.tlog\link.command.1.tlog
c:\users\veljk\onedrive\desktop\cs233-pz-veljkoarsic-2676\cs233-pz-veljkoarsic-2676\baller\temp\ballerwin32release\baller.tlog\link.delete.1.tlog
c:\users\veljk\onedrive\desktop\cs233-pz-veljkoarsic-2676\cs233-pz-veljkoarsic-2676\baller\temp\ballerwin32release\baller.tlog\link.read.1.tlog
c:\users\veljk\onedrive\desktop\cs233-pz-veljkoarsic-2676\cs233-pz-veljkoarsic-2676\baller\temp\ballerwin32release\baller.tlog\link.write.1.tlog
