  btAxisSweep3.cpp
C:\Users\veljk\OneDrive\Desktop\CS233-PZ\Learning-Bullet-With-OpenGL-Example-code-master (1)\Learning-Bullet-With-OpenGL-Example-code-master\Bullet\src\BulletCollision\BroadphaseCollision\btAxisSweep3.cpp : fatal error C1051: program database file, 'C:\Users\veljk\OneDrive\Desktop\CS233-PZ\Learning-Bullet-With-OpenGL-Example-code-master (1)\Learning-Bullet-With-OpenGL-Example-code-master\Bullet\lib\BulletCollision_vs2010_debug.pdb', has an obsolete format, delete it and recompile
  btBroadphaseProxy.cpp
  btCollisionAlgorithm.cpp
  btDbvt.cpp
  btDbvtBroadphase.cpp
  btDispatcher.cpp
  btMultiSapBroadphase.cpp
C:\Users\veljk\OneDrive\Desktop\CS233-PZ\Learning-Bullet-With-OpenGL-Example-code-master (1)\Learning-Bullet-With-OpenGL-Example-code-master\Bullet\src\BulletCollision\BroadphaseCollision\btBroadphaseProxy.cpp : fatal error C1051: program database file, 'C:\Users\veljk\OneDrive\Desktop\CS233-PZ\Learning-Bullet-With-OpenGL-Example-code-master (1)\Learning-Bullet-With-OpenGL-Example-code-master\Bullet\lib\BulletCollision_vs2010_debug.pdb', has an obsolete format, delete it and recompile
C:\Users\veljk\OneDrive\Desktop\CS233-PZ\Learning-Bullet-With-OpenGL-Example-code-master (1)\Learning-Bullet-With-OpenGL-Example-code-master\Bullet\src\BulletCollision\BroadphaseCollision\btCollisionAlgorithm.cpp : fatal error C1051: program database file, 'C:\Users\veljk\OneDrive\Desktop\CS233-PZ\Learning-Bullet-With-OpenGL-Example-code-master (1)\Learning-Bullet-With-OpenGL-Example-code-master\Bullet\lib\BulletCollision_vs2010_debug.pdb', has an obsolete format, delete it and recompile
  btOverlappingPairCache.cpp
C:\Users\veljk\OneDrive\Desktop\CS233-PZ\Learning-Bullet-With-OpenGL-Example-code-master (1)\Learning-Bullet-With-OpenGL-Example-code-master\Bullet\src\BulletCollision\BroadphaseCollision\btDbvtBroadphase.cpp : fatal error C1051: program database file, 'C:\Users\veljk\OneDrive\Desktop\CS233-PZ\Learning-Bullet-With-OpenGL-Example-code-master (1)\Learning-Bullet-With-OpenGL-Example-code-master\Bullet\lib\BulletCollision_vs2010_debug.pdb', has an obsolete format, delete it and recompile
C:\Users\veljk\OneDrive\Desktop\CS233-PZ\Learning-Bullet-With-OpenGL-Example-code-master (1)\Learning-Bullet-With-OpenGL-Example-code-master\Bullet\src\BulletCollision\BroadphaseCollision\btMultiSapBroadphase.cpp : fatal error C1051: program database file, 'C:\Users\veljk\OneDrive\Desktop\CS233-PZ\Learning-Bullet-With-OpenGL-Example-code-master (1)\Learning-Bullet-With-OpenGL-Example-code-master\Bullet\lib\BulletCollision_vs2010_debug.pdb', has an obsolete format, delete it and recompile
C:\Users\veljk\OneDrive\Desktop\CS233-PZ\Learning-Bullet-With-OpenGL-Example-code-master (1)\Learning-Bullet-With-OpenGL-Example-code-master\Bullet\src\BulletCollision\BroadphaseCollision\btOverlappingPairCache.cpp : fatal error C1051: program database file, 'C:\Users\veljk\OneDrive\Desktop\CS233-PZ\Learning-Bullet-With-OpenGL-Example-code-master (1)\Learning-Bullet-With-OpenGL-Example-code-master\Bullet\lib\BulletCollision_vs2010_debug.pdb', has an obsolete format, delete it and recompile
C:\Users\veljk\OneDrive\Desktop\CS233-PZ\Learning-Bullet-With-OpenGL-Example-code-master (1)\Learning-Bullet-With-OpenGL-Example-code-master\Bullet\src\BulletCollision\BroadphaseCollision\btDbvt.cpp : fatal error C1051: program database file, 'C:\Users\veljk\OneDrive\Desktop\CS233-PZ\Learning-Bullet-With-OpenGL-Example-code-master (1)\Learning-Bullet-With-OpenGL-Example-code-master\Bullet\lib\BulletCollision_vs2010_debug.pdb', has an obsolete format, delete it and recompile
C:\Users\veljk\OneDrive\Desktop\CS233-PZ\Learning-Bullet-With-OpenGL-Example-code-master (1)\Learning-Bullet-With-OpenGL-Example-code-master\Bullet\src\BulletCollision\BroadphaseCollision\btDispatcher.cpp : fatal error C1051: program database file, 'C:\Users\veljk\OneDrive\Desktop\CS233-PZ\Learning-Bullet-With-OpenGL-Example-code-master (1)\Learning-Bullet-With-OpenGL-Example-code-master\Bullet\lib\BulletCollision_vs2010_debug.pdb', has an obsolete format, delete it and recompile
  btQuantizedBvh.cpp
  btSimpleBroadphase.cpp
  btActivatingCollisionAlgorithm.cpp
  btBox2dBox2dCollisionAlgorithm.cpp
  btBoxBoxCollisionAlgorithm.cpp
  btBoxBoxDetector.cpp
  btCollisionDispatcher.cpp
  btCollisionObject.cpp
C:\Users\veljk\OneDrive\Desktop\CS233-PZ\Learning-Bullet-With-OpenGL-Example-code-master (1)\Learning-Bullet-With-OpenGL-Example-code-master\Bullet\src\BulletCollision\CollisionDispatch\btBox2dBox2dCollisionAlgorithm.cpp : fatal error C1051: program database file, 'C:\Users\veljk\OneDrive\Desktop\CS233-PZ\Learning-Bullet-With-OpenGL-Example-code-master (1)\Learning-Bullet-With-OpenGL-Example-code-master\Bullet\lib\BulletCollision_vs2010_debug.pdb', has an obsolete format, delete it and recompile
  btCollisionWorld.cpp
C:\Users\veljk\OneDrive\Desktop\CS233-PZ\Learning-Bullet-With-OpenGL-Example-code-master (1)\Learning-Bullet-With-OpenGL-Example-code-master\Bullet\src\BulletCollision\CollisionDispatch\btCollisionObject.cpp : fatal error C1051: program database file, 'C:\Users\veljk\OneDrive\Desktop\CS233-PZ\Learning-Bullet-With-OpenGL-Example-code-master (1)\Learning-Bullet-With-OpenGL-Example-code-master\Bullet\lib\BulletCollision_vs2010_debug.pdb', has an obsolete format, delete it and recompile
  btCompoundCollisionAlgorithm.cpp
C:\Users\veljk\OneDrive\Desktop\CS233-PZ\Learning-Bullet-With-OpenGL-Example-code-master (1)\Learning-Bullet-With-OpenGL-Example-code-master\Bullet\src\BulletCollision\CollisionDispatch\btBoxBoxDetector.cpp : fatal error C1051: program database file, 'C:\Users\veljk\OneDrive\Desktop\CS233-PZ\Learning-Bullet-With-OpenGL-Example-code-master (1)\Learning-Bullet-With-OpenGL-Example-code-master\Bullet\lib\BulletCollision_vs2010_debug.pdb', has an obsolete format, delete it and recompile
C:\Users\veljk\OneDrive\Desktop\CS233-PZ\Learning-Bullet-With-OpenGL-Example-code-master (1)\Learning-Bullet-With-OpenGL-Example-code-master\Bullet\src\BulletCollision\CollisionDispatch\btCollisionDispatcher.cpp : fatal error C1051: program database file, 'C:\Users\veljk\OneDrive\Desktop\CS233-PZ\Learning-Bullet-With-OpenGL-Example-code-master (1)\Learning-Bullet-With-OpenGL-Example-code-master\Bullet\lib\BulletCollision_vs2010_debug.pdb', has an obsolete format, delete it and recompile
C:\Users\veljk\OneDrive\Desktop\CS233-PZ\Learning-Bullet-With-OpenGL-Example-code-master (1)\Learning-Bullet-With-OpenGL-Example-code-master\Bullet\src\BulletCollision\CollisionDispatch\btCollisionWorld.cpp : fatal error C1051: program database file, 'C:\Users\veljk\OneDrive\Desktop\CS233-PZ\Learning-Bullet-With-OpenGL-Example-code-master (1)\Learning-Bullet-With-OpenGL-Example-code-master\Bullet\lib\BulletCollision_vs2010_debug.pdb', has an obsolete format, delete it and recompile
  btConvex2dConvex2dAlgorithm.cpp
C:\Users\veljk\OneDrive\Desktop\CS233-PZ\Learning-Bullet-With-OpenGL-Example-code-master (1)\Learning-Bullet-With-OpenGL-Example-code-master\Bullet\src\BulletCollision\CollisionDispatch\btActivatingCollisionAlgorithm.cpp : fatal error C1051: program database file, 'C:\Users\veljk\OneDrive\Desktop\CS233-PZ\Learning-Bullet-With-OpenGL-Example-code-master (1)\Learning-Bullet-With-OpenGL-Example-code-master\Bullet\lib\BulletCollision_vs2010_debug.pdb', has an obsolete format, delete it and recompile
  btConvexConcaveCollisionAlgorithm.cpp
C:\Users\veljk\OneDrive\Desktop\CS233-PZ\Learning-Bullet-With-OpenGL-Example-code-master (1)\Learning-Bullet-With-OpenGL-Example-code-master\Bullet\src\BulletCollision\BroadphaseCollision\btQuantizedBvh.cpp : fatal error C1051: program database file, 'C:\Users\veljk\OneDrive\Desktop\CS233-PZ\Learning-Bullet-With-OpenGL-Example-code-master (1)\Learning-Bullet-With-OpenGL-Example-code-master\Bullet\lib\BulletCollision_vs2010_debug.pdb', has an obsolete format, delete it and recompile
C:\Users\veljk\OneDrive\Desktop\CS233-PZ\Learning-Bullet-With-OpenGL-Example-code-master (1)\Learning-Bullet-With-OpenGL-Example-code-master\Bullet\src\BulletCollision\CollisionDispatch\btBoxBoxCollisionAlgorithm.cpp : fatal error C1051: program database file, 'C:\Users\veljk\OneDrive\Desktop\CS233-PZ\Learning-Bullet-With-OpenGL-Example-code-master (1)\Learning-Bullet-With-OpenGL-Example-code-master\Bullet\lib\BulletCollision_vs2010_debug.pdb', has an obsolete format, delete it and recompile
  btConvexConvexAlgorithm.cpp
  btConvexPlaneCollisionAlgorithm.cpp
  btDefaultCollisionConfiguration.cpp
C:\Users\veljk\OneDrive\Desktop\CS233-PZ\Learning-Bullet-With-OpenGL-Example-code-master (1)\Learning-Bullet-With-OpenGL-Example-code-master\Bullet\src\BulletCollision\CollisionDispatch\btConvexConcaveCollisionAlgorithm.cpp : fatal error C1051: program database file, 'C:\Users\veljk\OneDrive\Desktop\CS233-PZ\Learning-Bullet-With-OpenGL-Example-code-master (1)\Learning-Bullet-With-OpenGL-Example-code-master\Bullet\lib\BulletCollision_vs2010_debug.pdb', has an obsolete format, delete it and recompile
C:\Users\veljk\OneDrive\Desktop\CS233-PZ\Learning-Bullet-With-OpenGL-Example-code-master (1)\Learning-Bullet-With-OpenGL-Example-code-master\Bullet\src\BulletCollision\CollisionDispatch\btDefaultCollisionConfiguration.cpp : fatal error C1051: program database file, 'C:\Users\veljk\OneDrive\Desktop\CS233-PZ\Learning-Bullet-With-OpenGL-Example-code-master (1)\Learning-Bullet-With-OpenGL-Example-code-master\Bullet\lib\BulletCollision_vs2010_debug.pdb', has an obsolete format, delete it and recompile
C:\Users\veljk\OneDrive\Desktop\CS233-PZ\Learning-Bullet-With-OpenGL-Example-code-master (1)\Learning-Bullet-With-OpenGL-Example-code-master\Bullet\src\BulletCollision\CollisionDispatch\btConvexPlaneCollisionAlgorithm.cpp : fatal error C1051: program database file, 'C:\Users\veljk\OneDrive\Desktop\CS233-PZ\Learning-Bullet-With-OpenGL-Example-code-master (1)\Learning-Bullet-With-OpenGL-Example-code-master\Bullet\lib\BulletCollision_vs2010_debug.pdb', has an obsolete format, delete it and recompile
  btEmptyCollisionAlgorithm.cpp
C:\Users\veljk\OneDrive\Desktop\CS233-PZ\Learning-Bullet-With-OpenGL-Example-code-master (1)\Learning-Bullet-With-OpenGL-Example-code-master\Bullet\src\BulletCollision\CollisionDispatch\btConvexConvexAlgorithm.cpp : fatal error C1051: program database file, 'C:\Users\veljk\OneDrive\Desktop\CS233-PZ\Learning-Bullet-With-OpenGL-Example-code-master (1)\Learning-Bullet-With-OpenGL-Example-code-master\Bullet\lib\BulletCollision_vs2010_debug.pdb', has an obsolete format, delete it and recompile
  btGhostObject.cpp
  btInternalEdgeUtility.cpp
  btManifoldResult.cpp
  btSimulationIslandManager.cpp
C:\Users\veljk\OneDrive\Desktop\CS233-PZ\Learning-Bullet-With-OpenGL-Example-code-master (1)\Learning-Bullet-With-OpenGL-Example-code-master\Bullet\src\BulletCollision\CollisionDispatch\btConvex2dConvex2dAlgorithm.cpp : fatal error C1051: program database file, 'C:\Users\veljk\OneDrive\Desktop\CS233-PZ\Learning-Bullet-With-OpenGL-Example-code-master (1)\Learning-Bullet-With-OpenGL-Example-code-master\Bullet\lib\BulletCollision_vs2010_debug.pdb', has an obsolete format, delete it and recompile
C:\Users\veljk\OneDrive\Desktop\CS233-PZ\Learning-Bullet-With-OpenGL-Example-code-master (1)\Learning-Bullet-With-OpenGL-Example-code-master\Bullet\src\BulletCollision\BroadphaseCollision\btSimpleBroadphase.cpp : fatal error C1051: program database file, 'C:\Users\veljk\OneDrive\Desktop\CS233-PZ\Learning-Bullet-With-OpenGL-Example-code-master (1)\Learning-Bullet-With-OpenGL-Example-code-master\Bullet\lib\BulletCollision_vs2010_debug.pdb', has an obsolete format, delete it and recompile
C:\Users\veljk\OneDrive\Desktop\CS233-PZ\Learning-Bullet-With-OpenGL-Example-code-master (1)\Learning-Bullet-With-OpenGL-Example-code-master\Bullet\src\BulletCollision\CollisionDispatch\btEmptyCollisionAlgorithm.cpp : fatal error C1051: program database file, 'C:\Users\veljk\OneDrive\Desktop\CS233-PZ\Learning-Bullet-With-OpenGL-Example-code-master (1)\Learning-Bullet-With-OpenGL-Example-code-master\Bullet\lib\BulletCollision_vs2010_debug.pdb', has an obsolete format, delete it and recompile
C:\Users\veljk\OneDrive\Desktop\CS233-PZ\Learning-Bullet-With-OpenGL-Example-code-master (1)\Learning-Bullet-With-OpenGL-Example-code-master\Bullet\src\BulletCollision\CollisionDispatch\btCompoundCollisionAlgorithm.cpp : fatal error C1051: program database file, 'C:\Users\veljk\OneDrive\Desktop\CS233-PZ\Learning-Bullet-With-OpenGL-Example-code-master (1)\Learning-Bullet-With-OpenGL-Example-code-master\Bullet\lib\BulletCollision_vs2010_debug.pdb', has an obsolete format, delete it and recompile
  btSphereBoxCollisionAlgorithm.cpp
C:\Users\veljk\OneDrive\Desktop\CS233-PZ\Learning-Bullet-With-OpenGL-Example-code-master (1)\Learning-Bullet-With-OpenGL-Example-code-master\Bullet\src\BulletCollision\CollisionDispatch\btGhostObject.cpp : fatal error C1051: program database file, 'C:\Users\veljk\OneDrive\Desktop\CS233-PZ\Learning-Bullet-With-OpenGL-Example-code-master (1)\Learning-Bullet-With-OpenGL-Example-code-master\Bullet\lib\BulletCollision_vs2010_debug.pdb', has an obsolete format, delete it and recompile
C:\Users\veljk\OneDrive\Desktop\CS233-PZ\Learning-Bullet-With-OpenGL-Example-code-master (1)\Learning-Bullet-With-OpenGL-Example-code-master\Bullet\src\BulletCollision\CollisionDispatch\btManifoldResult.cpp : fatal error C1051: program database file, 'C:\Users\veljk\OneDrive\Desktop\CS233-PZ\Learning-Bullet-With-OpenGL-Example-code-master (1)\Learning-Bullet-With-OpenGL-Example-code-master\Bullet\lib\BulletCollision_vs2010_debug.pdb', has an obsolete format, delete it and recompile
C:\Users\veljk\OneDrive\Desktop\CS233-PZ\Learning-Bullet-With-OpenGL-Example-code-master (1)\Learning-Bullet-With-OpenGL-Example-code-master\Bullet\src\BulletCollision\CollisionDispatch\btSimulationIslandManager.cpp : fatal error C1051: program database file, 'C:\Users\veljk\OneDrive\Desktop\CS233-PZ\Learning-Bullet-With-OpenGL-Example-code-master (1)\Learning-Bullet-With-OpenGL-Example-code-master\Bullet\lib\BulletCollision_vs2010_debug.pdb', has an obsolete format, delete it and recompile
C:\Users\veljk\OneDrive\Desktop\CS233-PZ\Learning-Bullet-With-OpenGL-Example-code-master (1)\Learning-Bullet-With-OpenGL-Example-code-master\Bullet\src\BulletCollision\CollisionDispatch\btInternalEdgeUtility.cpp : fatal error C1051: program database file, 'C:\Users\veljk\OneDrive\Desktop\CS233-PZ\Learning-Bullet-With-OpenGL-Example-code-master (1)\Learning-Bullet-With-OpenGL-Example-code-master\Bullet\lib\BulletCollision_vs2010_debug.pdb', has an obsolete format, delete it and recompile
  btSphereSphereCollisionAlgorithm.cpp
  btSphereTriangleCollisionAlgorithm.cpp
  btUnionFind.cpp
  SphereTriangleDetector.cpp
  btBox2dShape.cpp
  btBoxShape.cpp
  btBvhTriangleMeshShape.cpp
C:\Users\veljk\OneDrive\Desktop\CS233-PZ\Learning-Bullet-With-OpenGL-Example-code-master (1)\Learning-Bullet-With-OpenGL-Example-code-master\Bullet\src\BulletCollision\CollisionDispatch\btSphereTriangleCollisionAlgorithm.cpp : fatal error C1051: program database file, 'C:\Users\veljk\OneDrive\Desktop\CS233-PZ\Learning-Bullet-With-OpenGL-Example-code-master (1)\Learning-Bullet-With-OpenGL-Example-code-master\Bullet\lib\BulletCollision_vs2010_debug.pdb', has an obsolete format, delete it and recompile
C:\Users\veljk\OneDrive\Desktop\CS233-PZ\Learning-Bullet-With-OpenGL-Example-code-master (1)\Learning-Bullet-With-OpenGL-Example-code-master\Bullet\src\BulletCollision\CollisionShapes\btBoxShape.cpp : fatal error C1051: program database file, 'C:\Users\veljk\OneDrive\Desktop\CS233-PZ\Learning-Bullet-With-OpenGL-Example-code-master (1)\Learning-Bullet-With-OpenGL-Example-code-master\Bullet\lib\BulletCollision_vs2010_debug.pdb', has an obsolete format, delete it and recompile
C:\Users\veljk\OneDrive\Desktop\CS233-PZ\Learning-Bullet-With-OpenGL-Example-code-master (1)\Learning-Bullet-With-OpenGL-Example-code-master\Bullet\src\BulletCollision\CollisionDispatch\SphereTriangleDetector.cpp : fatal error C1051: program database file, 'C:\Users\veljk\OneDrive\Desktop\CS233-PZ\Learning-Bullet-With-OpenGL-Example-code-master (1)\Learning-Bullet-With-OpenGL-Example-code-master\Bullet\lib\BulletCollision_vs2010_debug.pdb', has an obsolete format, delete it and recompile
C:\Users\veljk\OneDrive\Desktop\CS233-PZ\Learning-Bullet-With-OpenGL-Example-code-master (1)\Learning-Bullet-With-OpenGL-Example-code-master\Bullet\src\BulletCollision\CollisionDispatch\btSphereBoxCollisionAlgorithm.cpp : fatal error C1051: program database file, 'C:\Users\veljk\OneDrive\Desktop\CS233-PZ\Learning-Bullet-With-OpenGL-Example-code-master (1)\Learning-Bullet-With-OpenGL-Example-code-master\Bullet\lib\BulletCollision_vs2010_debug.pdb', has an obsolete format, delete it and recompile
C:\Users\veljk\OneDrive\Desktop\CS233-PZ\Learning-Bullet-With-OpenGL-Example-code-master (1)\Learning-Bullet-With-OpenGL-Example-code-master\Bullet\src\BulletCollision\CollisionDispatch\btUnionFind.cpp : fatal error C1051: program database file, 'C:\Users\veljk\OneDrive\Desktop\CS233-PZ\Learning-Bullet-With-OpenGL-Example-code-master (1)\Learning-Bullet-With-OpenGL-Example-code-master\Bullet\lib\BulletCollision_vs2010_debug.pdb', has an obsolete format, delete it and recompile
  btCapsuleShape.cpp
  btCollisionShape.cpp
  btCompoundShape.cpp
  btConcaveShape.cpp
  btConeShape.cpp
C:\Users\veljk\OneDrive\Desktop\CS233-PZ\Learning-Bullet-With-OpenGL-Example-code-master (1)\Learning-Bullet-With-OpenGL-Example-code-master\Bullet\src\BulletCollision\CollisionShapes\btCollisionShape.cpp : fatal error C1051: program database file, 'C:\Users\veljk\OneDrive\Desktop\CS233-PZ\Learning-Bullet-With-OpenGL-Example-code-master (1)\Learning-Bullet-With-OpenGL-Example-code-master\Bullet\lib\BulletCollision_vs2010_debug.pdb', has an obsolete format, delete it and recompile
C:\Users\veljk\OneDrive\Desktop\CS233-PZ\Learning-Bullet-With-OpenGL-Example-code-master (1)\Learning-Bullet-With-OpenGL-Example-code-master\Bullet\src\BulletCollision\CollisionShapes\btBvhTriangleMeshShape.cpp : fatal error C1051: program database file, 'C:\Users\veljk\OneDrive\Desktop\CS233-PZ\Learning-Bullet-With-OpenGL-Example-code-master (1)\Learning-Bullet-With-OpenGL-Example-code-master\Bullet\lib\BulletCollision_vs2010_debug.pdb', has an obsolete format, delete it and recompile
C:\Users\veljk\OneDrive\Desktop\CS233-PZ\Learning-Bullet-With-OpenGL-Example-code-master (1)\Learning-Bullet-With-OpenGL-Example-code-master\Bullet\src\BulletCollision\CollisionShapes\btCompoundShape.cpp : fatal error C1051: program database file, 'C:\Users\veljk\OneDrive\Desktop\CS233-PZ\Learning-Bullet-With-OpenGL-Example-code-master (1)\Learning-Bullet-With-OpenGL-Example-code-master\Bullet\lib\BulletCollision_vs2010_debug.pdb', has an obsolete format, delete it and recompile
C:\Users\veljk\OneDrive\Desktop\CS233-PZ\Learning-Bullet-With-OpenGL-Example-code-master (1)\Learning-Bullet-With-OpenGL-Example-code-master\Bullet\src\BulletCollision\CollisionShapes\btCapsuleShape.cpp : fatal error C1051: program database file, 'C:\Users\veljk\OneDrive\Desktop\CS233-PZ\Learning-Bullet-With-OpenGL-Example-code-master (1)\Learning-Bullet-With-OpenGL-Example-code-master\Bullet\lib\BulletCollision_vs2010_debug.pdb', has an obsolete format, delete it and recompile
C:\Users\veljk\OneDrive\Desktop\CS233-PZ\Learning-Bullet-With-OpenGL-Example-code-master (1)\Learning-Bullet-With-OpenGL-Example-code-master\Bullet\src\BulletCollision\CollisionDispatch\btSphereSphereCollisionAlgorithm.cpp : fatal error C1051: program database file, 'C:\Users\veljk\OneDrive\Desktop\CS233-PZ\Learning-Bullet-With-OpenGL-Example-code-master (1)\Learning-Bullet-With-OpenGL-Example-code-master\Bullet\lib\BulletCollision_vs2010_debug.pdb', has an obsolete format, delete it and recompile
C:\Users\veljk\OneDrive\Desktop\CS233-PZ\Learning-Bullet-With-OpenGL-Example-code-master (1)\Learning-Bullet-With-OpenGL-Example-code-master\Bullet\src\BulletCollision\CollisionShapes\btBox2dShape.cpp : fatal error C1051: program database file, 'C:\Users\veljk\OneDrive\Desktop\CS233-PZ\Learning-Bullet-With-OpenGL-Example-code-master (1)\Learning-Bullet-With-OpenGL-Example-code-master\Bullet\lib\BulletCollision_vs2010_debug.pdb', has an obsolete format, delete it and recompile
C:\Users\veljk\OneDrive\Desktop\CS233-PZ\Learning-Bullet-With-OpenGL-Example-code-master (1)\Learning-Bullet-With-OpenGL-Example-code-master\Bullet\src\BulletCollision\CollisionShapes\btConcaveShape.cpp : fatal error C1051: program database file, 'C:\Users\veljk\OneDrive\Desktop\CS233-PZ\Learning-Bullet-With-OpenGL-Example-code-master (1)\Learning-Bullet-With-OpenGL-Example-code-master\Bullet\lib\BulletCollision_vs2010_debug.pdb', has an obsolete format, delete it and recompile
  btConvex2dShape.cpp
  btConvexHullShape.cpp
  btConvexInternalShape.cpp
  btConvexPointCloudShape.cpp
  btConvexPolyhedron.cpp
  btConvexShape.cpp
  btConvexTriangleMeshShape.cpp
C:\Users\veljk\OneDrive\Desktop\CS233-PZ\Learning-Bullet-With-OpenGL-Example-code-master (1)\Learning-Bullet-With-OpenGL-Example-code-master\Bullet\src\BulletCollision\CollisionShapes\btConvexPointCloudShape.cpp : fatal error C1051: program database file, 'C:\Users\veljk\OneDrive\Desktop\CS233-PZ\Learning-Bullet-With-OpenGL-Example-code-master (1)\Learning-Bullet-With-OpenGL-Example-code-master\Bullet\lib\BulletCollision_vs2010_debug.pdb', has an obsolete format, delete it and recompile
C:\Users\veljk\OneDrive\Desktop\CS233-PZ\Learning-Bullet-With-OpenGL-Example-code-master (1)\Learning-Bullet-With-OpenGL-Example-code-master\Bullet\src\BulletCollision\CollisionShapes\btConvexInternalShape.cpp : fatal error C1051: program database file, 'C:\Users\veljk\OneDrive\Desktop\CS233-PZ\Learning-Bullet-With-OpenGL-Example-code-master (1)\Learning-Bullet-With-OpenGL-Example-code-master\Bullet\lib\BulletCollision_vs2010_debug.pdb', has an obsolete format, delete it and recompile
C:\Users\veljk\OneDrive\Desktop\CS233-PZ\Learning-Bullet-With-OpenGL-Example-code-master (1)\Learning-Bullet-With-OpenGL-Example-code-master\Bullet\src\BulletCollision\CollisionShapes\btConvexShape.cpp : fatal error C1051: program database file, 'C:\Users\veljk\OneDrive\Desktop\CS233-PZ\Learning-Bullet-With-OpenGL-Example-code-master (1)\Learning-Bullet-With-OpenGL-Example-code-master\Bullet\lib\BulletCollision_vs2010_debug.pdb', has an obsolete format, delete it and recompile
C:\Users\veljk\OneDrive\Desktop\CS233-PZ\Learning-Bullet-With-OpenGL-Example-code-master (1)\Learning-Bullet-With-OpenGL-Example-code-master\Bullet\src\BulletCollision\CollisionShapes\btConeShape.cpp : fatal error C1051: program database file, 'C:\Users\veljk\OneDrive\Desktop\CS233-PZ\Learning-Bullet-With-OpenGL-Example-code-master (1)\Learning-Bullet-With-OpenGL-Example-code-master\Bullet\lib\BulletCollision_vs2010_debug.pdb', has an obsolete format, delete it and recompile
C:\Users\veljk\OneDrive\Desktop\CS233-PZ\Learning-Bullet-With-OpenGL-Example-code-master (1)\Learning-Bullet-With-OpenGL-Example-code-master\Bullet\src\BulletCollision\CollisionShapes\btConvexTriangleMeshShape.cpp : fatal error C1051: program database file, 'C:\Users\veljk\OneDrive\Desktop\CS233-PZ\Learning-Bullet-With-OpenGL-Example-code-master (1)\Learning-Bullet-With-OpenGL-Example-code-master\Bullet\lib\BulletCollision_vs2010_debug.pdb', has an obsolete format, delete it and recompile
C:\Users\veljk\OneDrive\Desktop\CS233-PZ\Learning-Bullet-With-OpenGL-Example-code-master (1)\Learning-Bullet-With-OpenGL-Example-code-master\Bullet\src\BulletCollision\CollisionShapes\btConvexPolyhedron.cpp : fatal error C1051: program database file, 'C:\Users\veljk\OneDrive\Desktop\CS233-PZ\Learning-Bullet-With-OpenGL-Example-code-master (1)\Learning-Bullet-With-OpenGL-Example-code-master\Bullet\lib\BulletCollision_vs2010_debug.pdb', has an obsolete format, delete it and recompile
  btCylinderShape.cpp
  btEmptyShape.cpp
  btHeightfieldTerrainShape.cpp
C:\Users\veljk\OneDrive\Desktop\CS233-PZ\Learning-Bullet-With-OpenGL-Example-code-master (1)\Learning-Bullet-With-OpenGL-Example-code-master\Bullet\src\BulletCollision\CollisionShapes\btConvex2dShape.cpp : fatal error C1051: program database file, 'C:\Users\veljk\OneDrive\Desktop\CS233-PZ\Learning-Bullet-With-OpenGL-Example-code-master (1)\Learning-Bullet-With-OpenGL-Example-code-master\Bullet\lib\BulletCollision_vs2010_debug.pdb', has an obsolete format, delete it and recompile
  btMinkowskiSumShape.cpp
  btMultimaterialTriangleMeshShape.cpp
  btMultiSphereShape.cpp
C:\Users\veljk\OneDrive\Desktop\CS233-PZ\Learning-Bullet-With-OpenGL-Example-code-master (1)\Learning-Bullet-With-OpenGL-Example-code-master\Bullet\src\BulletCollision\CollisionShapes\btMinkowskiSumShape.cpp : fatal error C1051: program database file, 'C:\Users\veljk\OneDrive\Desktop\CS233-PZ\Learning-Bullet-With-OpenGL-Example-code-master (1)\Learning-Bullet-With-OpenGL-Example-code-master\Bullet\lib\BulletCollision_vs2010_debug.pdb', has an obsolete format, delete it and recompile
C:\Users\veljk\OneDrive\Desktop\CS233-PZ\Learning-Bullet-With-OpenGL-Example-code-master (1)\Learning-Bullet-With-OpenGL-Example-code-master\Bullet\src\BulletCollision\CollisionShapes\btEmptyShape.cpp : fatal error C1051: program database file, 'C:\Users\veljk\OneDrive\Desktop\CS233-PZ\Learning-Bullet-With-OpenGL-Example-code-master (1)\Learning-Bullet-With-OpenGL-Example-code-master\Bullet\lib\BulletCollision_vs2010_debug.pdb', has an obsolete format, delete it and recompile
  btOptimizedBvh.cpp
C:\Users\veljk\OneDrive\Desktop\CS233-PZ\Learning-Bullet-With-OpenGL-Example-code-master (1)\Learning-Bullet-With-OpenGL-Example-code-master\Bullet\src\BulletCollision\CollisionShapes\btConvexHullShape.cpp : fatal error C1051: program database file, 'C:\Users\veljk\OneDrive\Desktop\CS233-PZ\Learning-Bullet-With-OpenGL-Example-code-master (1)\Learning-Bullet-With-OpenGL-Example-code-master\Bullet\lib\BulletCollision_vs2010_debug.pdb', has an obsolete format, delete it and recompile
C:\Users\veljk\OneDrive\Desktop\CS233-PZ\Learning-Bullet-With-OpenGL-Example-code-master (1)\Learning-Bullet-With-OpenGL-Example-code-master\Bullet\src\BulletCollision\CollisionShapes\btHeightfieldTerrainShape.cpp : fatal error C1051: program database file, 'C:\Users\veljk\OneDrive\Desktop\CS233-PZ\Learning-Bullet-With-OpenGL-Example-code-master (1)\Learning-Bullet-With-OpenGL-Example-code-master\Bullet\lib\BulletCollision_vs2010_debug.pdb', has an obsolete format, delete it and recompile
C:\Users\veljk\OneDrive\Desktop\CS233-PZ\Learning-Bullet-With-OpenGL-Example-code-master (1)\Learning-Bullet-With-OpenGL-Example-code-master\Bullet\src\BulletCollision\CollisionShapes\btMultimaterialTriangleMeshShape.cpp : fatal error C1051: program database file, 'C:\Users\veljk\OneDrive\Desktop\CS233-PZ\Learning-Bullet-With-OpenGL-Example-code-master (1)\Learning-Bullet-With-OpenGL-Example-code-master\Bullet\lib\BulletCollision_vs2010_debug.pdb', has an obsolete format, delete it and recompile
  btPolyhedralConvexShape.cpp
  btScaledBvhTriangleMeshShape.cpp
C:\Users\veljk\OneDrive\Desktop\CS233-PZ\Learning-Bullet-With-OpenGL-Example-code-master (1)\Learning-Bullet-With-OpenGL-Example-code-master\Bullet\src\BulletCollision\CollisionShapes\btMultiSphereShape.cpp : fatal error C1051: program database file, 'C:\Users\veljk\OneDrive\Desktop\CS233-PZ\Learning-Bullet-With-OpenGL-Example-code-master (1)\Learning-Bullet-With-OpenGL-Example-code-master\Bullet\lib\BulletCollision_vs2010_debug.pdb', has an obsolete format, delete it and recompile
C:\Users\veljk\OneDrive\Desktop\CS233-PZ\Learning-Bullet-With-OpenGL-Example-code-master (1)\Learning-Bullet-With-OpenGL-Example-code-master\Bullet\src\BulletCollision\CollisionShapes\btCylinderShape.cpp : fatal error C1051: program database file, 'C:\Users\veljk\OneDrive\Desktop\CS233-PZ\Learning-Bullet-With-OpenGL-Example-code-master (1)\Learning-Bullet-With-OpenGL-Example-code-master\Bullet\lib\BulletCollision_vs2010_debug.pdb', has an obsolete format, delete it and recompile
  btShapeHull.cpp
  btSphereShape.cpp
  btStaticPlaneShape.cpp
C:\Users\veljk\OneDrive\Desktop\CS233-PZ\Learning-Bullet-With-OpenGL-Example-code-master (1)\Learning-Bullet-With-OpenGL-Example-code-master\Bullet\src\BulletCollision\CollisionShapes\btScaledBvhTriangleMeshShape.cpp : fatal error C1051: program database file, 'C:\Users\veljk\OneDrive\Desktop\CS233-PZ\Learning-Bullet-With-OpenGL-Example-code-master (1)\Learning-Bullet-With-OpenGL-Example-code-master\Bullet\lib\BulletCollision_vs2010_debug.pdb', has an obsolete format, delete it and recompile
  btStridingMeshInterface.cpp
C:\Users\veljk\OneDrive\Desktop\CS233-PZ\Learning-Bullet-With-OpenGL-Example-code-master (1)\Learning-Bullet-With-OpenGL-Example-code-master\Bullet\src\BulletCollision\CollisionShapes\btOptimizedBvh.cpp : fatal error C1051: program database file, 'C:\Users\veljk\OneDrive\Desktop\CS233-PZ\Learning-Bullet-With-OpenGL-Example-code-master (1)\Learning-Bullet-With-OpenGL-Example-code-master\Bullet\lib\BulletCollision_vs2010_debug.pdb', has an obsolete format, delete it and recompile
C:\Users\veljk\OneDrive\Desktop\CS233-PZ\Learning-Bullet-With-OpenGL-Example-code-master (1)\Learning-Bullet-With-OpenGL-Example-code-master\Bullet\src\BulletCollision\CollisionShapes\btShapeHull.cpp : fatal error C1051: program database file, 'C:\Users\veljk\OneDrive\Desktop\CS233-PZ\Learning-Bullet-With-OpenGL-Example-code-master (1)\Learning-Bullet-With-OpenGL-Example-code-master\Bullet\lib\BulletCollision_vs2010_debug.pdb', has an obsolete format, delete it and recompile
C:\Users\veljk\OneDrive\Desktop\CS233-PZ\Learning-Bullet-With-OpenGL-Example-code-master (1)\Learning-Bullet-With-OpenGL-Example-code-master\Bullet\src\BulletCollision\CollisionShapes\btSphereShape.cpp : fatal error C1051: program database file, 'C:\Users\veljk\OneDrive\Desktop\CS233-PZ\Learning-Bullet-With-OpenGL-Example-code-master (1)\Learning-Bullet-With-OpenGL-Example-code-master\Bullet\lib\BulletCollision_vs2010_debug.pdb', has an obsolete format, delete it and recompile
C:\Users\veljk\OneDrive\Desktop\CS233-PZ\Learning-Bullet-With-OpenGL-Example-code-master (1)\Learning-Bullet-With-OpenGL-Example-code-master\Bullet\src\BulletCollision\CollisionShapes\btPolyhedralConvexShape.cpp : fatal error C1051: program database file, 'C:\Users\veljk\OneDrive\Desktop\CS233-PZ\Learning-Bullet-With-OpenGL-Example-code-master (1)\Learning-Bullet-With-OpenGL-Example-code-master\Bullet\lib\BulletCollision_vs2010_debug.pdb', has an obsolete format, delete it and recompile
  btTetrahedronShape.cpp
  btTriangleBuffer.cpp
  btTriangleCallback.cpp
  btTriangleIndexVertexArray.cpp
  btTriangleIndexVertexMaterialArray.cpp
C:\Users\veljk\OneDrive\Desktop\CS233-PZ\Learning-Bullet-With-OpenGL-Example-code-master (1)\Learning-Bullet-With-OpenGL-Example-code-master\Bullet\src\BulletCollision\CollisionShapes\btStaticPlaneShape.cpp : fatal error C1051: program database file, 'C:\Users\veljk\OneDrive\Desktop\CS233-PZ\Learning-Bullet-With-OpenGL-Example-code-master (1)\Learning-Bullet-With-OpenGL-Example-code-master\Bullet\lib\BulletCollision_vs2010_debug.pdb', has an obsolete format, delete it and recompile
C:\Users\veljk\OneDrive\Desktop\CS233-PZ\Learning-Bullet-With-OpenGL-Example-code-master (1)\Learning-Bullet-With-OpenGL-Example-code-master\Bullet\src\BulletCollision\CollisionShapes\btTriangleCallback.cpp : fatal error C1051: program database file, 'C:\Users\veljk\OneDrive\Desktop\CS233-PZ\Learning-Bullet-With-OpenGL-Example-code-master (1)\Learning-Bullet-With-OpenGL-Example-code-master\Bullet\lib\BulletCollision_vs2010_debug.pdb', has an obsolete format, delete it and recompile
  btTriangleMesh.cpp
C:\Users\veljk\OneDrive\Desktop\CS233-PZ\Learning-Bullet-With-OpenGL-Example-code-master (1)\Learning-Bullet-With-OpenGL-Example-code-master\Bullet\src\BulletCollision\CollisionShapes\btStridingMeshInterface.cpp : fatal error C1051: program database file, 'C:\Users\veljk\OneDrive\Desktop\CS233-PZ\Learning-Bullet-With-OpenGL-Example-code-master (1)\Learning-Bullet-With-OpenGL-Example-code-master\Bullet\lib\BulletCollision_vs2010_debug.pdb', has an obsolete format, delete it and recompile
  btTriangleMeshShape.cpp
C:\Users\veljk\OneDrive\Desktop\CS233-PZ\Learning-Bullet-With-OpenGL-Example-code-master (1)\Learning-Bullet-With-OpenGL-Example-code-master\Bullet\src\BulletCollision\CollisionShapes\btTetrahedronShape.cpp : fatal error C1051: program database file, 'C:\Users\veljk\OneDrive\Desktop\CS233-PZ\Learning-Bullet-With-OpenGL-Example-code-master (1)\Learning-Bullet-With-OpenGL-Example-code-master\Bullet\lib\BulletCollision_vs2010_debug.pdb', has an obsolete format, delete it and recompile
  btUniformScalingShape.cpp
  btContactProcessing.cpp
C:\Users\veljk\OneDrive\Desktop\CS233-PZ\Learning-Bullet-With-OpenGL-Example-code-master (1)\Learning-Bullet-With-OpenGL-Example-code-master\Bullet\src\BulletCollision\CollisionShapes\btTriangleBuffer.cpp : fatal error C1051: program database file, 'C:\Users\veljk\OneDrive\Desktop\CS233-PZ\Learning-Bullet-With-OpenGL-Example-code-master (1)\Learning-Bullet-With-OpenGL-Example-code-master\Bullet\lib\BulletCollision_vs2010_debug.pdb', has an obsolete format, delete it and recompile
  btGenericPoolAllocator.cpp
C:\Users\veljk\OneDrive\Desktop\CS233-PZ\Learning-Bullet-With-OpenGL-Example-code-master (1)\Learning-Bullet-With-OpenGL-Example-code-master\Bullet\src\BulletCollision\CollisionShapes\btTriangleIndexVertexMaterialArray.cpp : fatal error C1051: program database file, 'C:\Users\veljk\OneDrive\Desktop\CS233-PZ\Learning-Bullet-With-OpenGL-Example-code-master (1)\Learning-Bullet-With-OpenGL-Example-code-master\Bullet\lib\BulletCollision_vs2010_debug.pdb', has an obsolete format, delete it and recompile
C:\Users\veljk\OneDrive\Desktop\CS233-PZ\Learning-Bullet-With-OpenGL-Example-code-master (1)\Learning-Bullet-With-OpenGL-Example-code-master\Bullet\src\BulletCollision\CollisionShapes\btUniformScalingShape.cpp : fatal error C1051: program database file, 'C:\Users\veljk\OneDrive\Desktop\CS233-PZ\Learning-Bullet-With-OpenGL-Example-code-master (1)\Learning-Bullet-With-OpenGL-Example-code-master\Bullet\lib\BulletCollision_vs2010_debug.pdb', has an obsolete format, delete it and recompile
  btGImpactBvh.cpp
  btGImpactCollisionAlgorithm.cpp
C:\Users\veljk\OneDrive\Desktop\CS233-PZ\Learning-Bullet-With-OpenGL-Example-code-master (1)\Learning-Bullet-With-OpenGL-Example-code-master\Bullet\src\BulletCollision\CollisionShapes\btTriangleMeshShape.cpp : fatal error C1051: program database file, 'C:\Users\veljk\OneDrive\Desktop\CS233-PZ\Learning-Bullet-With-OpenGL-Example-code-master (1)\Learning-Bullet-With-OpenGL-Example-code-master\Bullet\lib\BulletCollision_vs2010_debug.pdb', has an obsolete format, delete it and recompile
  btGImpactQuantizedBvh.cpp
  btGImpactShape.cpp
C:\Users\veljk\OneDrive\Desktop\CS233-PZ\Learning-Bullet-With-OpenGL-Example-code-master (1)\Learning-Bullet-With-OpenGL-Example-code-master\Bullet\src\BulletCollision\Gimpact\btContactProcessing.cpp : fatal error C1051: program database file, 'C:\Users\veljk\OneDrive\Desktop\CS233-PZ\Learning-Bullet-With-OpenGL-Example-code-master (1)\Learning-Bullet-With-OpenGL-Example-code-master\Bullet\lib\BulletCollision_vs2010_debug.pdb', has an obsolete format, delete it and recompile
C:\Users\veljk\OneDrive\Desktop\CS233-PZ\Learning-Bullet-With-OpenGL-Example-code-master (1)\Learning-Bullet-With-OpenGL-Example-code-master\Bullet\src\BulletCollision\Gimpact\btGImpactBvh.cpp : fatal error C1051: program database file, 'C:\Users\veljk\OneDrive\Desktop\CS233-PZ\Learning-Bullet-With-OpenGL-Example-code-master (1)\Learning-Bullet-With-OpenGL-Example-code-master\Bullet\lib\BulletCollision_vs2010_debug.pdb', has an obsolete format, delete it and recompile
  btTriangleShapeEx.cpp
  gim_box_set.cpp
C:\Users\veljk\OneDrive\Desktop\CS233-PZ\Learning-Bullet-With-OpenGL-Example-code-master (1)\Learning-Bullet-With-OpenGL-Example-code-master\Bullet\src\BulletCollision\CollisionShapes\btTriangleIndexVertexArray.cpp : fatal error C1051: program database file, 'C:\Users\veljk\OneDrive\Desktop\CS233-PZ\Learning-Bullet-With-OpenGL-Example-code-master (1)\Learning-Bullet-With-OpenGL-Example-code-master\Bullet\lib\BulletCollision_vs2010_debug.pdb', has an obsolete format, delete it and recompile
C:\Users\veljk\OneDrive\Desktop\CS233-PZ\Learning-Bullet-With-OpenGL-Example-code-master (1)\Learning-Bullet-With-OpenGL-Example-code-master\Bullet\src\BulletCollision\Gimpact\btGenericPoolAllocator.cpp : fatal error C1051: program database file, 'C:\Users\veljk\OneDrive\Desktop\CS233-PZ\Learning-Bullet-With-OpenGL-Example-code-master (1)\Learning-Bullet-With-OpenGL-Example-code-master\Bullet\lib\BulletCollision_vs2010_debug.pdb', has an obsolete format, delete it and recompile
C:\Users\veljk\OneDrive\Desktop\CS233-PZ\Learning-Bullet-With-OpenGL-Example-code-master (1)\Learning-Bullet-With-OpenGL-Example-code-master\Bullet\src\BulletCollision\Gimpact\btGImpactQuantizedBvh.cpp : fatal error C1051: program database file, 'C:\Users\veljk\OneDrive\Desktop\CS233-PZ\Learning-Bullet-With-OpenGL-Example-code-master (1)\Learning-Bullet-With-OpenGL-Example-code-master\Bullet\lib\BulletCollision_vs2010_debug.pdb', has an obsolete format, delete it and recompile
C:\Users\veljk\OneDrive\Desktop\CS233-PZ\Learning-Bullet-With-OpenGL-Example-code-master (1)\Learning-Bullet-With-OpenGL-Example-code-master\Bullet\src\BulletCollision\Gimpact\btGImpactShape.cpp : fatal error C1051: program database file, 'C:\Users\veljk\OneDrive\Desktop\CS233-PZ\Learning-Bullet-With-OpenGL-Example-code-master (1)\Learning-Bullet-With-OpenGL-Example-code-master\Bullet\lib\BulletCollision_vs2010_debug.pdb', has an obsolete format, delete it and recompile
C:\Users\veljk\OneDrive\Desktop\CS233-PZ\Learning-Bullet-With-OpenGL-Example-code-master (1)\Learning-Bullet-With-OpenGL-Example-code-master\Bullet\src\BulletCollision\CollisionShapes\btTriangleMesh.cpp : fatal error C1051: program database file, 'C:\Users\veljk\OneDrive\Desktop\CS233-PZ\Learning-Bullet-With-OpenGL-Example-code-master (1)\Learning-Bullet-With-OpenGL-Example-code-master\Bullet\lib\BulletCollision_vs2010_debug.pdb', has an obsolete format, delete it and recompile
C:\Users\veljk\OneDrive\Desktop\CS233-PZ\Learning-Bullet-With-OpenGL-Example-code-master (1)\Learning-Bullet-With-OpenGL-Example-code-master\Bullet\src\BulletCollision\Gimpact\btTriangleShapeEx.cpp : fatal error C1051: program database file, 'C:\Users\veljk\OneDrive\Desktop\CS233-PZ\Learning-Bullet-With-OpenGL-Example-code-master (1)\Learning-Bullet-With-OpenGL-Example-code-master\Bullet\lib\BulletCollision_vs2010_debug.pdb', has an obsolete format, delete it and recompile
C:\Users\veljk\OneDrive\Desktop\CS233-PZ\Learning-Bullet-With-OpenGL-Example-code-master (1)\Learning-Bullet-With-OpenGL-Example-code-master\Bullet\src\BulletCollision\Gimpact\gim_box_set.cpp : fatal error C1051: program database file, 'C:\Users\veljk\OneDrive\Desktop\CS233-PZ\Learning-Bullet-With-OpenGL-Example-code-master (1)\Learning-Bullet-With-OpenGL-Example-code-master\Bullet\lib\BulletCollision_vs2010_debug.pdb', has an obsolete format, delete it and recompile
  gim_contact.cpp
  gim_memory.cpp
C:\Users\veljk\OneDrive\Desktop\CS233-PZ\Learning-Bullet-With-OpenGL-Example-code-master (1)\Learning-Bullet-With-OpenGL-Example-code-master\Bullet\src\BulletCollision\Gimpact\btGImpactCollisionAlgorithm.cpp : fatal error C1051: program database file, 'C:\Users\veljk\OneDrive\Desktop\CS233-PZ\Learning-Bullet-With-OpenGL-Example-code-master (1)\Learning-Bullet-With-OpenGL-Example-code-master\Bullet\lib\BulletCollision_vs2010_debug.pdb', has an obsolete format, delete it and recompile
  gim_tri_collision.cpp
  btContinuousConvexCollision.cpp
  btConvexCast.cpp
  btGjkConvexCast.cpp
  btGjkEpa2.cpp
  btGjkEpaPenetrationDepthSolver.cpp
C:\Users\veljk\OneDrive\Desktop\CS233-PZ\Learning-Bullet-With-OpenGL-Example-code-master (1)\Learning-Bullet-With-OpenGL-Example-code-master\Bullet\src\BulletCollision\NarrowPhaseCollision\btConvexCast.cpp : fatal error C1051: program database file, 'C:\Users\veljk\OneDrive\Desktop\CS233-PZ\Learning-Bullet-With-OpenGL-Example-code-master (1)\Learning-Bullet-With-OpenGL-Example-code-master\Bullet\lib\BulletCollision_vs2010_debug.pdb', has an obsolete format, delete it and recompile
C:\Users\veljk\OneDrive\Desktop\CS233-PZ\Learning-Bullet-With-OpenGL-Example-code-master (1)\Learning-Bullet-With-OpenGL-Example-code-master\Bullet\src\BulletCollision\Gimpact\gim_tri_collision.cpp : fatal error C1051: program database file, 'C:\Users\veljk\OneDrive\Desktop\CS233-PZ\Learning-Bullet-With-OpenGL-Example-code-master (1)\Learning-Bullet-With-OpenGL-Example-code-master\Bullet\lib\BulletCollision_vs2010_debug.pdb', has an obsolete format, delete it and recompile
C:\Users\veljk\OneDrive\Desktop\CS233-PZ\Learning-Bullet-With-OpenGL-Example-code-master (1)\Learning-Bullet-With-OpenGL-Example-code-master\Bullet\src\BulletCollision\NarrowPhaseCollision\btContinuousConvexCollision.cpp : fatal error C1051: program database file, 'C:\Users\veljk\OneDrive\Desktop\CS233-PZ\Learning-Bullet-With-OpenGL-Example-code-master (1)\Learning-Bullet-With-OpenGL-Example-code-master\Bullet\lib\BulletCollision_vs2010_debug.pdb', has an obsolete format, delete it and recompile
  btGjkPairDetector.cpp
  btMinkowskiPenetrationDepthSolver.cpp
  btPersistentManifold.cpp
C:\Users\veljk\OneDrive\Desktop\CS233-PZ\Learning-Bullet-With-OpenGL-Example-code-master (1)\Learning-Bullet-With-OpenGL-Example-code-master\Bullet\src\BulletCollision\NarrowPhaseCollision\btGjkEpa2.cpp : fatal error C1051: program database file, 'C:\Users\veljk\OneDrive\Desktop\CS233-PZ\Learning-Bullet-With-OpenGL-Example-code-master (1)\Learning-Bullet-With-OpenGL-Example-code-master\Bullet\lib\BulletCollision_vs2010_debug.pdb', has an obsolete format, delete it and recompile
C:\Users\veljk\OneDrive\Desktop\CS233-PZ\Learning-Bullet-With-OpenGL-Example-code-master (1)\Learning-Bullet-With-OpenGL-Example-code-master\Bullet\src\BulletCollision\NarrowPhaseCollision\btMinkowskiPenetrationDepthSolver.cpp : fatal error C1051: program database file, 'C:\Users\veljk\OneDrive\Desktop\CS233-PZ\Learning-Bullet-With-OpenGL-Example-code-master (1)\Learning-Bullet-With-OpenGL-Example-code-master\Bullet\lib\BulletCollision_vs2010_debug.pdb', has an obsolete format, delete it and recompile
C:\Users\veljk\OneDrive\Desktop\CS233-PZ\Learning-Bullet-With-OpenGL-Example-code-master (1)\Learning-Bullet-With-OpenGL-Example-code-master\Bullet\src\BulletCollision\Gimpact\gim_contact.cpp : fatal error C1051: program database file, 'C:\Users\veljk\OneDrive\Desktop\CS233-PZ\Learning-Bullet-With-OpenGL-Example-code-master (1)\Learning-Bullet-With-OpenGL-Example-code-master\Bullet\lib\BulletCollision_vs2010_debug.pdb', has an obsolete format, delete it and recompile
  btPolyhedralContactClipping.cpp
  btRaycastCallback.cpp
C:\Users\veljk\OneDrive\Desktop\CS233-PZ\Learning-Bullet-With-OpenGL-Example-code-master (1)\Learning-Bullet-With-OpenGL-Example-code-master\Bullet\src\BulletCollision\Gimpact\gim_memory.cpp : fatal error C1051: program database file, 'C:\Users\veljk\OneDrive\Desktop\CS233-PZ\Learning-Bullet-With-OpenGL-Example-code-master (1)\Learning-Bullet-With-OpenGL-Example-code-master\Bullet\lib\BulletCollision_vs2010_debug.pdb', has an obsolete format, delete it and recompile
  btSubSimplexConvexCast.cpp
C:\Users\veljk\OneDrive\Desktop\CS233-PZ\Learning-Bullet-With-OpenGL-Example-code-master (1)\Learning-Bullet-With-OpenGL-Example-code-master\Bullet\src\BulletCollision\NarrowPhaseCollision\btPersistentManifold.cpp : fatal error C1051: program database file, 'C:\Users\veljk\OneDrive\Desktop\CS233-PZ\Learning-Bullet-With-OpenGL-Example-code-master (1)\Learning-Bullet-With-OpenGL-Example-code-master\Bullet\lib\BulletCollision_vs2010_debug.pdb', has an obsolete format, delete it and recompile
  btVoronoiSimplexSolver.cpp
C:\Users\veljk\OneDrive\Desktop\CS233-PZ\Learning-Bullet-With-OpenGL-Example-code-master (1)\Learning-Bullet-With-OpenGL-Example-code-master\Bullet\src\BulletCollision\NarrowPhaseCollision\btGjkPairDetector.cpp : fatal error C1051: program database file, 'C:\Users\veljk\OneDrive\Desktop\CS233-PZ\Learning-Bullet-With-OpenGL-Example-code-master (1)\Learning-Bullet-With-OpenGL-Example-code-master\Bullet\lib\BulletCollision_vs2010_debug.pdb', has an obsolete format, delete it and recompile
C:\Users\veljk\OneDrive\Desktop\CS233-PZ\Learning-Bullet-With-OpenGL-Example-code-master (1)\Learning-Bullet-With-OpenGL-Example-code-master\Bullet\src\BulletCollision\NarrowPhaseCollision\btPolyhedralContactClipping.cpp : fatal error C1051: program database file, 'C:\Users\veljk\OneDrive\Desktop\CS233-PZ\Learning-Bullet-With-OpenGL-Example-code-master (1)\Learning-Bullet-With-OpenGL-Example-code-master\Bullet\lib\BulletCollision_vs2010_debug.pdb', has an obsolete format, delete it and recompile
C:\Users\veljk\OneDrive\Desktop\CS233-PZ\Learning-Bullet-With-OpenGL-Example-code-master (1)\Learning-Bullet-With-OpenGL-Example-code-master\Bullet\src\BulletCollision\NarrowPhaseCollision\btVoronoiSimplexSolver.cpp : fatal error C1051: program database file, 'C:\Users\veljk\OneDrive\Desktop\CS233-PZ\Learning-Bullet-With-OpenGL-Example-code-master (1)\Learning-Bullet-With-OpenGL-Example-code-master\Bullet\lib\BulletCollision_vs2010_debug.pdb', has an obsolete format, delete it and recompile
C:\Users\veljk\OneDrive\Desktop\CS233-PZ\Learning-Bullet-With-OpenGL-Example-code-master (1)\Learning-Bullet-With-OpenGL-Example-code-master\Bullet\src\BulletCollision\NarrowPhaseCollision\btGjkConvexCast.cpp : fatal error C1051: program database file, 'C:\Users\veljk\OneDrive\Desktop\CS233-PZ\Learning-Bullet-With-OpenGL-Example-code-master (1)\Learning-Bullet-With-OpenGL-Example-code-master\Bullet\lib\BulletCollision_vs2010_debug.pdb', has an obsolete format, delete it and recompile
C:\Users\veljk\OneDrive\Desktop\CS233-PZ\Learning-Bullet-With-OpenGL-Example-code-master (1)\Learning-Bullet-With-OpenGL-Example-code-master\Bullet\src\BulletCollision\NarrowPhaseCollision\btGjkEpaPenetrationDepthSolver.cpp : fatal error C1051: program database file, 'C:\Users\veljk\OneDrive\Desktop\CS233-PZ\Learning-Bullet-With-OpenGL-Example-code-master (1)\Learning-Bullet-With-OpenGL-Example-code-master\Bullet\lib\BulletCollision_vs2010_debug.pdb', has an obsolete format, delete it and recompile
C:\Users\veljk\OneDrive\Desktop\CS233-PZ\Learning-Bullet-With-OpenGL-Example-code-master (1)\Learning-Bullet-With-OpenGL-Example-code-master\Bullet\src\BulletCollision\NarrowPhaseCollision\btRaycastCallback.cpp : fatal error C1051: program database file, 'C:\Users\veljk\OneDrive\Desktop\CS233-PZ\Learning-Bullet-With-OpenGL-Example-code-master (1)\Learning-Bullet-With-OpenGL-Example-code-master\Bullet\lib\BulletCollision_vs2010_debug.pdb', has an obsolete format, delete it and recompile
C:\Users\veljk\OneDrive\Desktop\CS233-PZ\Learning-Bullet-With-OpenGL-Example-code-master (1)\Learning-Bullet-With-OpenGL-Example-code-master\Bullet\src\BulletCollision\NarrowPhaseCollision\btSubSimplexConvexCast.cpp : fatal error C1051: program database file, 'C:\Users\veljk\OneDrive\Desktop\CS233-PZ\Learning-Bullet-With-OpenGL-Example-code-master (1)\Learning-Bullet-With-OpenGL-Example-code-master\Bullet\lib\BulletCollision_vs2010_debug.pdb', has an obsolete format, delete it and recompile
