c:\users\veljk\onedrive\desktop\cs233-pz-veljkoarsic-2676\cs233-pz-veljkoarsic-2676\baller\bullet\build\vs2010\obj\x32\release\bulletdynamics\btconetwistconstraint.obj
c:\users\veljk\onedrive\desktop\cs233-pz-veljkoarsic-2676\cs233-pz-veljkoarsic-2676\baller\bullet\build\vs2010\obj\x32\release\bulletdynamics\btsimpledynamicsworld.obj
c:\users\veljk\onedrive\desktop\cs233-pz-veljkoarsic-2676\cs233-pz-veljkoarsic-2676\baller\bullet\build\vs2010\obj\x32\release\bulletdynamics\btgeneric6dofspringconstraint.obj
c:\users\veljk\onedrive\desktop\cs233-pz-veljkoarsic-2676\cs233-pz-veljkoarsic-2676\baller\bullet\build\vs2010\obj\x32\release\bulletdynamics\btsliderconstraint.obj
c:\users\veljk\onedrive\desktop\cs233-pz-veljkoarsic-2676\cs233-pz-veljkoarsic-2676\baller\bullet\build\vs2010\obj\x32\release\bulletdynamics\btgeneric6dofconstraint.obj
c:\users\veljk\onedrive\desktop\cs233-pz-veljkoarsic-2676\cs233-pz-veljkoarsic-2676\baller\bullet\build\vs2010\obj\x32\release\bulletdynamics\btdiscretedynamicsworld.obj
c:\users\veljk\onedrive\desktop\cs233-pz-veljkoarsic-2676\cs233-pz-veljkoarsic-2676\baller\bullet\build\vs2010\obj\x32\release\bulletdynamics\bthingeconstraint.obj
c:\users\veljk\onedrive\desktop\cs233-pz-veljkoarsic-2676\cs233-pz-veljkoarsic-2676\baller\bullet\build\vs2010\obj\x32\release\bulletdynamics\bullet-c-api.obj
c:\users\veljk\onedrive\desktop\cs233-pz-veljkoarsic-2676\cs233-pz-veljkoarsic-2676\baller\bullet\build\vs2010\obj\x32\release\bulletdynamics\btkinematiccharactercontroller.obj
c:\users\veljk\onedrive\desktop\cs233-pz-veljkoarsic-2676\cs233-pz-veljkoarsic-2676\baller\bullet\build\vs2010\obj\x32\release\bulletdynamics\btsequentialimpulseconstraintsolver.obj
c:\users\veljk\onedrive\desktop\cs233-pz-veljkoarsic-2676\cs233-pz-veljkoarsic-2676\baller\bullet\build\vs2010\obj\x32\release\bulletdynamics\btcontactconstraint.obj
c:\users\veljk\onedrive\desktop\cs233-pz-veljkoarsic-2676\cs233-pz-veljkoarsic-2676\baller\bullet\build\vs2010\obj\x32\release\bulletdynamics\btsolve2linearconstraint.obj
c:\users\veljk\onedrive\desktop\cs233-pz-veljkoarsic-2676\cs233-pz-veljkoarsic-2676\baller\bullet\build\vs2010\obj\x32\release\bulletdynamics\btrigidbody.obj
c:\users\veljk\onedrive\desktop\cs233-pz-veljkoarsic-2676\cs233-pz-veljkoarsic-2676\baller\bullet\build\vs2010\obj\x32\release\bulletdynamics\btgearconstraint.obj
c:\users\veljk\onedrive\desktop\cs233-pz-veljkoarsic-2676\cs233-pz-veljkoarsic-2676\baller\bullet\build\vs2010\obj\x32\release\bulletdynamics\btpoint2pointconstraint.obj
c:\users\veljk\onedrive\desktop\cs233-pz-veljkoarsic-2676\cs233-pz-veljkoarsic-2676\baller\bullet\build\vs2010\obj\x32\release\bulletdynamics\btuniversalconstraint.obj
c:\users\veljk\onedrive\desktop\cs233-pz-veljkoarsic-2676\cs233-pz-veljkoarsic-2676\baller\bullet\build\vs2010\obj\x32\release\bulletdynamics\btwheelinfo.obj
c:\users\veljk\onedrive\desktop\cs233-pz-veljkoarsic-2676\cs233-pz-veljkoarsic-2676\baller\bullet\build\vs2010\obj\x32\release\bulletdynamics\bthinge2constraint.obj
c:\users\veljk\onedrive\desktop\cs233-pz-veljkoarsic-2676\cs233-pz-veljkoarsic-2676\baller\bullet\build\vs2010\obj\x32\release\bulletdynamics\bttypedconstraint.obj
c:\users\veljk\onedrive\desktop\cs233-pz-veljkoarsic-2676\cs233-pz-veljkoarsic-2676\baller\bullet\build\vs2010\obj\x32\release\bulletdynamics\btraycastvehicle.obj
c:\users\veljk\onedrive\desktop\cs233-pz\learning-bullet-with-opengl-example-code-master (1)\learning-bullet-with-opengl-example-code-master\bullet\build\vs2010\obj\x32\release\bulletdynamics\btcontactconstraint.obj
c:\users\veljk\onedrive\desktop\cs233-pz\learning-bullet-with-opengl-example-code-master (1)\learning-bullet-with-opengl-example-code-master\bullet\build\vs2010\obj\x32\release\bulletdynamics\btpoint2pointconstraint.obj
c:\users\veljk\onedrive\desktop\cs233-pz\learning-bullet-with-opengl-example-code-master (1)\learning-bullet-with-opengl-example-code-master\bullet\build\vs2010\obj\x32\release\bulletdynamics\btrigidbody.obj
c:\users\veljk\onedrive\desktop\cs233-pz\learning-bullet-with-opengl-example-code-master (1)\learning-bullet-with-opengl-example-code-master\bullet\build\vs2010\obj\x32\release\bulletdynamics\btkinematiccharactercontroller.obj
c:\users\veljk\onedrive\desktop\cs233-pz\learning-bullet-with-opengl-example-code-master (1)\learning-bullet-with-opengl-example-code-master\bullet\build\vs2010\obj\x32\release\bulletdynamics\btsolve2linearconstraint.obj
c:\users\veljk\onedrive\desktop\cs233-pz\learning-bullet-with-opengl-example-code-master (1)\learning-bullet-with-opengl-example-code-master\bullet\build\vs2010\obj\x32\release\bulletdynamics\btsimpledynamicsworld.obj
c:\users\veljk\onedrive\desktop\cs233-pz\learning-bullet-with-opengl-example-code-master (1)\learning-bullet-with-opengl-example-code-master\bullet\build\vs2010\obj\x32\release\bulletdynamics\btgeneric6dofconstraint.obj
c:\users\veljk\onedrive\desktop\cs233-pz\learning-bullet-with-opengl-example-code-master (1)\learning-bullet-with-opengl-example-code-master\bullet\build\vs2010\obj\x32\release\bulletdynamics\btuniversalconstraint.obj
c:\users\veljk\onedrive\desktop\cs233-pz\learning-bullet-with-opengl-example-code-master (1)\learning-bullet-with-opengl-example-code-master\bullet\build\vs2010\obj\x32\release\bulletdynamics\bthingeconstraint.obj
c:\users\veljk\onedrive\desktop\cs233-pz\learning-bullet-with-opengl-example-code-master (1)\learning-bullet-with-opengl-example-code-master\bullet\build\vs2010\obj\x32\release\bulletdynamics\btdiscretedynamicsworld.obj
c:\users\veljk\onedrive\desktop\cs233-pz\learning-bullet-with-opengl-example-code-master (1)\learning-bullet-with-opengl-example-code-master\bullet\build\vs2010\obj\x32\release\bulletdynamics\btgearconstraint.obj
c:\users\veljk\onedrive\desktop\cs233-pz\learning-bullet-with-opengl-example-code-master (1)\learning-bullet-with-opengl-example-code-master\bullet\build\vs2010\obj\x32\release\bulletdynamics\btsliderconstraint.obj
c:\users\veljk\onedrive\desktop\cs233-pz\learning-bullet-with-opengl-example-code-master (1)\learning-bullet-with-opengl-example-code-master\bullet\build\vs2010\obj\x32\release\bulletdynamics\btraycastvehicle.obj
c:\users\veljk\onedrive\desktop\cs233-pz\learning-bullet-with-opengl-example-code-master (1)\learning-bullet-with-opengl-example-code-master\bullet\build\vs2010\obj\x32\release\bulletdynamics\bthinge2constraint.obj
c:\users\veljk\onedrive\desktop\cs233-pz\learning-bullet-with-opengl-example-code-master (1)\learning-bullet-with-opengl-example-code-master\bullet\build\vs2010\obj\x32\release\bulletdynamics\bttypedconstraint.obj
c:\users\veljk\onedrive\desktop\cs233-pz\learning-bullet-with-opengl-example-code-master (1)\learning-bullet-with-opengl-example-code-master\bullet\build\vs2010\obj\x32\release\bulletdynamics\bullet-c-api.obj
c:\users\veljk\onedrive\desktop\cs233-pz\learning-bullet-with-opengl-example-code-master (1)\learning-bullet-with-opengl-example-code-master\bullet\build\vs2010\obj\x32\release\bulletdynamics\btconetwistconstraint.obj
c:\users\veljk\onedrive\desktop\cs233-pz\learning-bullet-with-opengl-example-code-master (1)\learning-bullet-with-opengl-example-code-master\bullet\build\vs2010\obj\x32\release\bulletdynamics\btwheelinfo.obj
c:\users\veljk\onedrive\desktop\cs233-pz\learning-bullet-with-opengl-example-code-master (1)\learning-bullet-with-opengl-example-code-master\bullet\build\vs2010\obj\x32\release\bulletdynamics\btgeneric6dofspringconstraint.obj
c:\users\veljk\onedrive\desktop\cs233-pz\learning-bullet-with-opengl-example-code-master (1)\learning-bullet-with-opengl-example-code-master\bullet\build\vs2010\obj\x32\release\bulletdynamics\btsequentialimpulseconstraintsolver.obj
c:\users\veljk\onedrive\desktop\cs233-pz\learning-bullet-with-opengl-example-code-master (1)\learning-bullet-with-opengl-example-code-master\bullet\lib\bulletdynamics_vs2010.lib
c:\users\veljk\onedrive\desktop\cs233-pz-veljkoarsic-2676\cs233-pz-veljkoarsic-2676\baller\bullet\lib\bulletdynamics_vs2010.lib
c:\users\veljk\onedrive\desktop\cs233-pz-veljkoarsic-2676\cs233-pz-veljkoarsic-2676\baller\bullet\build\vs2010\..\..\lib\bulletdynamics_vs2010.lib
c:\users\veljk\onedrive\desktop\cs233-pz-veljkoarsic-2676\cs233-pz-veljkoarsic-2676\baller\bullet\build\vs2010\obj\x32\release\bulletdynamics\bulletdynamics.tlog\cl.10844.write.1.tlog
c:\users\veljk\onedrive\desktop\cs233-pz-veljkoarsic-2676\cs233-pz-veljkoarsic-2676\baller\bullet\build\vs2010\obj\x32\release\bulletdynamics\bulletdynamics.tlog\cl.command.1.tlog
c:\users\veljk\onedrive\desktop\cs233-pz-veljkoarsic-2676\cs233-pz-veljkoarsic-2676\baller\bullet\build\vs2010\obj\x32\release\bulletdynamics\bulletdynamics.tlog\cl.read.1.tlog
c:\users\veljk\onedrive\desktop\cs233-pz-veljkoarsic-2676\cs233-pz-veljkoarsic-2676\baller\bullet\build\vs2010\obj\x32\release\bulletdynamics\bulletdynamics.tlog\lib-link.read.1.tlog
c:\users\veljk\onedrive\desktop\cs233-pz-veljkoarsic-2676\cs233-pz-veljkoarsic-2676\baller\bullet\build\vs2010\obj\x32\release\bulletdynamics\bulletdynamics.tlog\lib-link.write.1.tlog
c:\users\veljk\onedrive\desktop\cs233-pz-veljkoarsic-2676\cs233-pz-veljkoarsic-2676\baller\bullet\build\vs2010\obj\x32\release\bulletdynamics\bulletdynamics.tlog\lib.command.1.tlog
