  btKinematicCharacterController.cpp
  btConeTwistConstraint.cpp
  btContactConstraint.cpp
  btGearConstraint.cpp
C:\Users\veljk\OneDrive\Desktop\CS233-PZ\Learning-Bullet-With-OpenGL-Example-code-master (1)\Learning-Bullet-With-OpenGL-Example-code-master\Bullet\src\BulletDynamics\Character\btKinematicCharacterController.cpp : fatal error C1051: program database file, 'C:\Users\veljk\OneDrive\Desktop\CS233-PZ\Learning-Bullet-With-OpenGL-Example-code-master (1)\Learning-Bullet-With-OpenGL-Example-code-master\Bullet\lib\BulletDynamics_vs2010_debug.pdb', has an obsolete format, delete it and recompile
C:\Users\veljk\OneDrive\Desktop\CS233-PZ\Learning-Bullet-With-OpenGL-Example-code-master (1)\Learning-Bullet-With-OpenGL-Example-code-master\Bullet\src\BulletDynamics\ConstraintSolver\btContactConstraint.cpp : fatal error C1051: program database file, 'C:\Users\veljk\OneDrive\Desktop\CS233-PZ\Learning-Bullet-With-OpenGL-Example-code-master (1)\Learning-Bullet-With-OpenGL-Example-code-master\Bullet\lib\BulletDynamics_vs2010_debug.pdb', has an obsolete format, delete it and recompile
  btGeneric6DofConstraint.cpp
C:\Users\veljk\OneDrive\Desktop\CS233-PZ\Learning-Bullet-With-OpenGL-Example-code-master (1)\Learning-Bullet-With-OpenGL-Example-code-master\Bullet\src\BulletDynamics\ConstraintSolver\btConeTwistConstraint.cpp : fatal error C1051: program database file, 'C:\Users\veljk\OneDrive\Desktop\CS233-PZ\Learning-Bullet-With-OpenGL-Example-code-master (1)\Learning-Bullet-With-OpenGL-Example-code-master\Bullet\lib\BulletDynamics_vs2010_debug.pdb', has an obsolete format, delete it and recompile
C:\Users\veljk\OneDrive\Desktop\CS233-PZ\Learning-Bullet-With-OpenGL-Example-code-master (1)\Learning-Bullet-With-OpenGL-Example-code-master\Bullet\src\BulletDynamics\ConstraintSolver\btGearConstraint.cpp : fatal error C1051: program database file, 'C:\Users\veljk\OneDrive\Desktop\CS233-PZ\Learning-Bullet-With-OpenGL-Example-code-master (1)\Learning-Bullet-With-OpenGL-Example-code-master\Bullet\lib\BulletDynamics_vs2010_debug.pdb', has an obsolete format, delete it and recompile
  btGeneric6DofSpringConstraint.cpp
  btHinge2Constraint.cpp
  btHingeConstraint.cpp
  btPoint2PointConstraint.cpp
C:\Users\veljk\OneDrive\Desktop\CS233-PZ\Learning-Bullet-With-OpenGL-Example-code-master (1)\Learning-Bullet-With-OpenGL-Example-code-master\Bullet\src\BulletDynamics\ConstraintSolver\btPoint2PointConstraint.cpp : fatal error C1051: program database file, 'C:\Users\veljk\OneDrive\Desktop\CS233-PZ\Learning-Bullet-With-OpenGL-Example-code-master (1)\Learning-Bullet-With-OpenGL-Example-code-master\Bullet\lib\BulletDynamics_vs2010_debug.pdb', has an obsolete format, delete it and recompile
C:\Users\veljk\OneDrive\Desktop\CS233-PZ\Learning-Bullet-With-OpenGL-Example-code-master (1)\Learning-Bullet-With-OpenGL-Example-code-master\Bullet\src\BulletDynamics\ConstraintSolver\btHinge2Constraint.cpp : fatal error C1051: program database file, 'C:\Users\veljk\OneDrive\Desktop\CS233-PZ\Learning-Bullet-With-OpenGL-Example-code-master (1)\Learning-Bullet-With-OpenGL-Example-code-master\Bullet\lib\BulletDynamics_vs2010_debug.pdb', has an obsolete format, delete it and recompile
  btSequentialImpulseConstraintSolver.cpp
  btSliderConstraint.cpp
  btSolve2LinearConstraint.cpp
  btTypedConstraint.cpp
C:\Users\veljk\OneDrive\Desktop\CS233-PZ\Learning-Bullet-With-OpenGL-Example-code-master (1)\Learning-Bullet-With-OpenGL-Example-code-master\Bullet\src\BulletDynamics\ConstraintSolver\btHingeConstraint.cpp : fatal error C1051: program database file, 'C:\Users\veljk\OneDrive\Desktop\CS233-PZ\Learning-Bullet-With-OpenGL-Example-code-master (1)\Learning-Bullet-With-OpenGL-Example-code-master\Bullet\lib\BulletDynamics_vs2010_debug.pdb', has an obsolete format, delete it and recompile
  btUniversalConstraint.cpp
C:\Users\veljk\OneDrive\Desktop\CS233-PZ\Learning-Bullet-With-OpenGL-Example-code-master (1)\Learning-Bullet-With-OpenGL-Example-code-master\Bullet\src\BulletDynamics\ConstraintSolver\btSequentialImpulseConstraintSolver.cpp : fatal error C1051: program database file, 'C:\Users\veljk\OneDrive\Desktop\CS233-PZ\Learning-Bullet-With-OpenGL-Example-code-master (1)\Learning-Bullet-With-OpenGL-Example-code-master\Bullet\lib\BulletDynamics_vs2010_debug.pdb', has an obsolete format, delete it and recompile
C:\Users\veljk\OneDrive\Desktop\CS233-PZ\Learning-Bullet-With-OpenGL-Example-code-master (1)\Learning-Bullet-With-OpenGL-Example-code-master\Bullet\src\BulletDynamics\ConstraintSolver\btGeneric6DofSpringConstraint.cpp : fatal error C1051: program database file, 'C:\Users\veljk\OneDrive\Desktop\CS233-PZ\Learning-Bullet-With-OpenGL-Example-code-master (1)\Learning-Bullet-With-OpenGL-Example-code-master\Bullet\lib\BulletDynamics_vs2010_debug.pdb', has an obsolete format, delete it and recompile
C:\Users\veljk\OneDrive\Desktop\CS233-PZ\Learning-Bullet-With-OpenGL-Example-code-master (1)\Learning-Bullet-With-OpenGL-Example-code-master\Bullet\src\BulletDynamics\ConstraintSolver\btSliderConstraint.cpp : fatal error C1051: program database file, 'C:\Users\veljk\OneDrive\Desktop\CS233-PZ\Learning-Bullet-With-OpenGL-Example-code-master (1)\Learning-Bullet-With-OpenGL-Example-code-master\Bullet\lib\BulletDynamics_vs2010_debug.pdb', has an obsolete format, delete it and recompile
  btDiscreteDynamicsWorld.cpp
  btRigidBody.cpp
  btSimpleDynamicsWorld.cpp
  Bullet-C-API.cpp
C:\Users\veljk\OneDrive\Desktop\CS233-PZ\Learning-Bullet-With-OpenGL-Example-code-master (1)\Learning-Bullet-With-OpenGL-Example-code-master\Bullet\src\BulletDynamics\ConstraintSolver\btSolve2LinearConstraint.cpp : fatal error C1051: program database file, 'C:\Users\veljk\OneDrive\Desktop\CS233-PZ\Learning-Bullet-With-OpenGL-Example-code-master (1)\Learning-Bullet-With-OpenGL-Example-code-master\Bullet\lib\BulletDynamics_vs2010_debug.pdb', has an obsolete format, delete it and recompile
C:\Users\veljk\OneDrive\Desktop\CS233-PZ\Learning-Bullet-With-OpenGL-Example-code-master (1)\Learning-Bullet-With-OpenGL-Example-code-master\Bullet\src\BulletDynamics\ConstraintSolver\btTypedConstraint.cpp : fatal error C1051: program database file, 'C:\Users\veljk\OneDrive\Desktop\CS233-PZ\Learning-Bullet-With-OpenGL-Example-code-master (1)\Learning-Bullet-With-OpenGL-Example-code-master\Bullet\lib\BulletDynamics_vs2010_debug.pdb', has an obsolete format, delete it and recompile
C:\Users\veljk\OneDrive\Desktop\CS233-PZ\Learning-Bullet-With-OpenGL-Example-code-master (1)\Learning-Bullet-With-OpenGL-Example-code-master\Bullet\src\BulletDynamics\ConstraintSolver\btGeneric6DofConstraint.cpp : fatal error C1051: program database file, 'C:\Users\veljk\OneDrive\Desktop\CS233-PZ\Learning-Bullet-With-OpenGL-Example-code-master (1)\Learning-Bullet-With-OpenGL-Example-code-master\Bullet\lib\BulletDynamics_vs2010_debug.pdb', has an obsolete format, delete it and recompile
  btRaycastVehicle.cpp
C:\Users\veljk\OneDrive\Desktop\CS233-PZ\Learning-Bullet-With-OpenGL-Example-code-master (1)\Learning-Bullet-With-OpenGL-Example-code-master\Bullet\src\BulletDynamics\Dynamics\btSimpleDynamicsWorld.cpp : fatal error C1051: program database file, 'C:\Users\veljk\OneDrive\Desktop\CS233-PZ\Learning-Bullet-With-OpenGL-Example-code-master (1)\Learning-Bullet-With-OpenGL-Example-code-master\Bullet\lib\BulletDynamics_vs2010_debug.pdb', has an obsolete format, delete it and recompile
C:\Users\veljk\OneDrive\Desktop\CS233-PZ\Learning-Bullet-With-OpenGL-Example-code-master (1)\Learning-Bullet-With-OpenGL-Example-code-master\Bullet\src\BulletDynamics\Dynamics\btRigidBody.cpp : fatal error C1051: program database file, 'C:\Users\veljk\OneDrive\Desktop\CS233-PZ\Learning-Bullet-With-OpenGL-Example-code-master (1)\Learning-Bullet-With-OpenGL-Example-code-master\Bullet\lib\BulletDynamics_vs2010_debug.pdb', has an obsolete format, delete it and recompile
C:\Users\veljk\OneDrive\Desktop\CS233-PZ\Learning-Bullet-With-OpenGL-Example-code-master (1)\Learning-Bullet-With-OpenGL-Example-code-master\Bullet\src\BulletDynamics\Dynamics\btDiscreteDynamicsWorld.cpp : fatal error C1051: program database file, 'C:\Users\veljk\OneDrive\Desktop\CS233-PZ\Learning-Bullet-With-OpenGL-Example-code-master (1)\Learning-Bullet-With-OpenGL-Example-code-master\Bullet\lib\BulletDynamics_vs2010_debug.pdb', has an obsolete format, delete it and recompile
  btWheelInfo.cpp
C:\Users\veljk\OneDrive\Desktop\CS233-PZ\Learning-Bullet-With-OpenGL-Example-code-master (1)\Learning-Bullet-With-OpenGL-Example-code-master\Bullet\src\BulletDynamics\Dynamics\Bullet-C-API.cpp : fatal error C1051: program database file, 'C:\Users\veljk\OneDrive\Desktop\CS233-PZ\Learning-Bullet-With-OpenGL-Example-code-master (1)\Learning-Bullet-With-OpenGL-Example-code-master\Bullet\lib\BulletDynamics_vs2010_debug.pdb', has an obsolete format, delete it and recompile
C:\Users\veljk\OneDrive\Desktop\CS233-PZ\Learning-Bullet-With-OpenGL-Example-code-master (1)\Learning-Bullet-With-OpenGL-Example-code-master\Bullet\src\BulletDynamics\ConstraintSolver\btUniversalConstraint.cpp : fatal error C1051: program database file, 'C:\Users\veljk\OneDrive\Desktop\CS233-PZ\Learning-Bullet-With-OpenGL-Example-code-master (1)\Learning-Bullet-With-OpenGL-Example-code-master\Bullet\lib\BulletDynamics_vs2010_debug.pdb', has an obsolete format, delete it and recompile
C:\Users\veljk\OneDrive\Desktop\CS233-PZ\Learning-Bullet-With-OpenGL-Example-code-master (1)\Learning-Bullet-With-OpenGL-Example-code-master\Bullet\src\BulletDynamics\Vehicle\btWheelInfo.cpp : fatal error C1051: program database file, 'C:\Users\veljk\OneDrive\Desktop\CS233-PZ\Learning-Bullet-With-OpenGL-Example-code-master (1)\Learning-Bullet-With-OpenGL-Example-code-master\Bullet\lib\BulletDynamics_vs2010_debug.pdb', has an obsolete format, delete it and recompile
C:\Users\veljk\OneDrive\Desktop\CS233-PZ\Learning-Bullet-With-OpenGL-Example-code-master (1)\Learning-Bullet-With-OpenGL-Example-code-master\Bullet\src\BulletDynamics\Vehicle\btRaycastVehicle.cpp : fatal error C1051: program database file, 'C:\Users\veljk\OneDrive\Desktop\CS233-PZ\Learning-Bullet-With-OpenGL-Example-code-master (1)\Learning-Bullet-With-OpenGL-Example-code-master\Bullet\lib\BulletDynamics_vs2010_debug.pdb', has an obsolete format, delete it and recompile
