c:\users\veljk\onedrive\desktop\cs233-pz\learning-bullet-with-opengl-example-code-master (1)\learning-bullet-with-opengl-example-code-master\freeglut\visualstudio\2010\build\release\win32_v142\vc142.pdb
c:\users\veljk\onedrive\desktop\cs233-pz\learning-bullet-with-opengl-example-code-master (1)\learning-bullet-with-opengl-example-code-master\freeglut\visualstudio\2010\build\release\win32_v142\freeglut_stroke_roman.obj
c:\users\veljk\onedrive\desktop\cs233-pz\learning-bullet-with-opengl-example-code-master (1)\learning-bullet-with-opengl-example-code-master\freeglut\visualstudio\2010\build\release\win32_v142\freeglut_stroke_mono_roman.obj
c:\users\veljk\onedrive\desktop\cs233-pz\learning-bullet-with-opengl-example-code-master (1)\learning-bullet-with-opengl-example-code-master\freeglut\visualstudio\2010\build\release\win32_v142\freeglut_state.obj
c:\users\veljk\onedrive\desktop\cs233-pz\learning-bullet-with-opengl-example-code-master (1)\learning-bullet-with-opengl-example-code-master\freeglut\visualstudio\2010\build\release\win32_v142\freeglut_spaceball.obj
c:\users\veljk\onedrive\desktop\cs233-pz\learning-bullet-with-opengl-example-code-master (1)\learning-bullet-with-opengl-example-code-master\freeglut\visualstudio\2010\build\release\win32_v142\freeglut_overlay.obj
c:\users\veljk\onedrive\desktop\cs233-pz\learning-bullet-with-opengl-example-code-master (1)\learning-bullet-with-opengl-example-code-master\freeglut\visualstudio\2010\build\release\win32_v142\freeglut_misc.obj
c:\users\veljk\onedrive\desktop\cs233-pz\learning-bullet-with-opengl-example-code-master (1)\learning-bullet-with-opengl-example-code-master\freeglut\visualstudio\2010\build\release\win32_v142\freeglut_menu.obj
c:\users\veljk\onedrive\desktop\cs233-pz\learning-bullet-with-opengl-example-code-master (1)\learning-bullet-with-opengl-example-code-master\freeglut\visualstudio\2010\build\release\win32_v142\freeglut_main.obj
c:\users\veljk\onedrive\desktop\cs233-pz\learning-bullet-with-opengl-example-code-master (1)\learning-bullet-with-opengl-example-code-master\freeglut\visualstudio\2010\build\release\win32_v142\freeglut_joystick.obj
c:\users\veljk\onedrive\desktop\cs233-pz\learning-bullet-with-opengl-example-code-master (1)\learning-bullet-with-opengl-example-code-master\freeglut\visualstudio\2010\build\release\win32_v142\freeglut_input_devices.obj
c:\users\veljk\onedrive\desktop\cs233-pz\learning-bullet-with-opengl-example-code-master (1)\learning-bullet-with-opengl-example-code-master\freeglut\visualstudio\2010\build\release\win32_v142\freeglut_init.obj
c:\users\veljk\onedrive\desktop\cs233-pz\learning-bullet-with-opengl-example-code-master (1)\learning-bullet-with-opengl-example-code-master\freeglut\visualstudio\2010\build\release\win32_v142\freeglut_glutfont_definitions.obj
c:\users\veljk\onedrive\desktop\cs233-pz\learning-bullet-with-opengl-example-code-master (1)\learning-bullet-with-opengl-example-code-master\freeglut\visualstudio\2010\build\release\win32_v142\freeglut_geometry.obj
c:\users\veljk\onedrive\desktop\cs233-pz\learning-bullet-with-opengl-example-code-master (1)\learning-bullet-with-opengl-example-code-master\freeglut\visualstudio\2010\build\release\win32_v142\freeglut_gamemode.obj
c:\users\veljk\onedrive\desktop\cs233-pz\learning-bullet-with-opengl-example-code-master (1)\learning-bullet-with-opengl-example-code-master\freeglut\visualstudio\2010\build\release\win32_v142\freeglut_font_data.obj
c:\users\veljk\onedrive\desktop\cs233-pz\learning-bullet-with-opengl-example-code-master (1)\learning-bullet-with-opengl-example-code-master\freeglut\visualstudio\2010\build\release\win32_v142\freeglut_font.obj
c:\users\veljk\onedrive\desktop\cs233-pz\learning-bullet-with-opengl-example-code-master (1)\learning-bullet-with-opengl-example-code-master\freeglut\visualstudio\2010\build\release\win32_v142\freeglut_ext.obj
c:\users\veljk\onedrive\desktop\cs233-pz\learning-bullet-with-opengl-example-code-master (1)\learning-bullet-with-opengl-example-code-master\freeglut\visualstudio\2010\build\release\win32_v142\freeglut_display.obj
c:\users\veljk\onedrive\desktop\cs233-pz\learning-bullet-with-opengl-example-code-master (1)\learning-bullet-with-opengl-example-code-master\freeglut\visualstudio\2010\build\release\win32_v142\freeglut_cursor.obj
c:\users\veljk\onedrive\desktop\cs233-pz\learning-bullet-with-opengl-example-code-master (1)\learning-bullet-with-opengl-example-code-master\freeglut\visualstudio\2010\build\release\win32_v142\freeglut_callbacks.obj
c:\users\veljk\onedrive\desktop\cs233-pz\learning-bullet-with-opengl-example-code-master (1)\learning-bullet-with-opengl-example-code-master\freeglut\visualstudio\2010\build\release\win32_v142\freeglut_window.obj
c:\users\veljk\onedrive\desktop\cs233-pz\learning-bullet-with-opengl-example-code-master (1)\learning-bullet-with-opengl-example-code-master\freeglut\visualstudio\2010\build\release\win32_v142\freeglut_videoresize.obj
c:\users\veljk\onedrive\desktop\cs233-pz\learning-bullet-with-opengl-example-code-master (1)\learning-bullet-with-opengl-example-code-master\freeglut\visualstudio\2010\build\release\win32_v142\freeglut_teapot.obj
c:\users\veljk\onedrive\desktop\cs233-pz\learning-bullet-with-opengl-example-code-master (1)\learning-bullet-with-opengl-example-code-master\freeglut\visualstudio\2010\build\release\win32_v142\freeglut_structure.obj
c:\users\veljk\onedrive\desktop\cs233-pz-veljkoarsic-2676\cs233-pz-veljkoarsic-2676\baller\freeglut\visualstudio\2010\build\release\win32_v142\vc142.pdb
c:\users\veljk\onedrive\desktop\cs233-pz-veljkoarsic-2676\cs233-pz-veljkoarsic-2676\baller\freeglut\visualstudio\2010\build\release\win32_v142\freeglut_stroke_roman.obj
c:\users\veljk\onedrive\desktop\cs233-pz-veljkoarsic-2676\cs233-pz-veljkoarsic-2676\baller\freeglut\visualstudio\2010\build\release\win32_v142\freeglut_stroke_mono_roman.obj
c:\users\veljk\onedrive\desktop\cs233-pz-veljkoarsic-2676\cs233-pz-veljkoarsic-2676\baller\freeglut\visualstudio\2010\build\release\win32_v142\freeglut_state.obj
c:\users\veljk\onedrive\desktop\cs233-pz-veljkoarsic-2676\cs233-pz-veljkoarsic-2676\baller\freeglut\visualstudio\2010\build\release\win32_v142\freeglut_spaceball.obj
c:\users\veljk\onedrive\desktop\cs233-pz-veljkoarsic-2676\cs233-pz-veljkoarsic-2676\baller\freeglut\visualstudio\2010\build\release\win32_v142\freeglut_overlay.obj
c:\users\veljk\onedrive\desktop\cs233-pz-veljkoarsic-2676\cs233-pz-veljkoarsic-2676\baller\freeglut\visualstudio\2010\build\release\win32_v142\freeglut_misc.obj
c:\users\veljk\onedrive\desktop\cs233-pz-veljkoarsic-2676\cs233-pz-veljkoarsic-2676\baller\freeglut\visualstudio\2010\build\release\win32_v142\freeglut_menu.obj
c:\users\veljk\onedrive\desktop\cs233-pz-veljkoarsic-2676\cs233-pz-veljkoarsic-2676\baller\freeglut\visualstudio\2010\build\release\win32_v142\freeglut_main.obj
c:\users\veljk\onedrive\desktop\cs233-pz-veljkoarsic-2676\cs233-pz-veljkoarsic-2676\baller\freeglut\visualstudio\2010\build\release\win32_v142\freeglut_joystick.obj
c:\users\veljk\onedrive\desktop\cs233-pz-veljkoarsic-2676\cs233-pz-veljkoarsic-2676\baller\freeglut\visualstudio\2010\build\release\win32_v142\freeglut_input_devices.obj
c:\users\veljk\onedrive\desktop\cs233-pz-veljkoarsic-2676\cs233-pz-veljkoarsic-2676\baller\freeglut\visualstudio\2010\build\release\win32_v142\freeglut_init.obj
c:\users\veljk\onedrive\desktop\cs233-pz-veljkoarsic-2676\cs233-pz-veljkoarsic-2676\baller\freeglut\visualstudio\2010\build\release\win32_v142\freeglut_glutfont_definitions.obj
c:\users\veljk\onedrive\desktop\cs233-pz-veljkoarsic-2676\cs233-pz-veljkoarsic-2676\baller\freeglut\visualstudio\2010\build\release\win32_v142\freeglut_geometry.obj
c:\users\veljk\onedrive\desktop\cs233-pz-veljkoarsic-2676\cs233-pz-veljkoarsic-2676\baller\freeglut\visualstudio\2010\build\release\win32_v142\freeglut_gamemode.obj
c:\users\veljk\onedrive\desktop\cs233-pz-veljkoarsic-2676\cs233-pz-veljkoarsic-2676\baller\freeglut\visualstudio\2010\build\release\win32_v142\freeglut_font_data.obj
c:\users\veljk\onedrive\desktop\cs233-pz-veljkoarsic-2676\cs233-pz-veljkoarsic-2676\baller\freeglut\visualstudio\2010\build\release\win32_v142\freeglut_font.obj
c:\users\veljk\onedrive\desktop\cs233-pz-veljkoarsic-2676\cs233-pz-veljkoarsic-2676\baller\freeglut\visualstudio\2010\build\release\win32_v142\freeglut_ext.obj
c:\users\veljk\onedrive\desktop\cs233-pz-veljkoarsic-2676\cs233-pz-veljkoarsic-2676\baller\freeglut\visualstudio\2010\build\release\win32_v142\freeglut_display.obj
c:\users\veljk\onedrive\desktop\cs233-pz-veljkoarsic-2676\cs233-pz-veljkoarsic-2676\baller\freeglut\visualstudio\2010\build\release\win32_v142\freeglut_cursor.obj
c:\users\veljk\onedrive\desktop\cs233-pz-veljkoarsic-2676\cs233-pz-veljkoarsic-2676\baller\freeglut\visualstudio\2010\build\release\win32_v142\freeglut_callbacks.obj
c:\users\veljk\onedrive\desktop\cs233-pz-veljkoarsic-2676\cs233-pz-veljkoarsic-2676\baller\freeglut\visualstudio\2010\build\release\win32_v142\freeglut_window.obj
c:\users\veljk\onedrive\desktop\cs233-pz-veljkoarsic-2676\cs233-pz-veljkoarsic-2676\baller\freeglut\visualstudio\2010\build\release\win32_v142\freeglut_videoresize.obj
c:\users\veljk\onedrive\desktop\cs233-pz-veljkoarsic-2676\cs233-pz-veljkoarsic-2676\baller\freeglut\visualstudio\2010\build\release\win32_v142\freeglut_teapot.obj
c:\users\veljk\onedrive\desktop\cs233-pz-veljkoarsic-2676\cs233-pz-veljkoarsic-2676\baller\freeglut\visualstudio\2010\build\release\win32_v142\freeglut_structure.obj
c:\users\veljk\onedrive\desktop\cs233-pz\learning-bullet-with-opengl-example-code-master (1)\learning-bullet-with-opengl-example-code-master\freeglut\lib\x86\freeglut.lib
c:\users\veljk\onedrive\desktop\cs233-pz\learning-bullet-with-opengl-example-code-master (1)\learning-bullet-with-opengl-example-code-master\freeglut\lib\x86\freeglut.exp
c:\users\veljk\onedrive\desktop\cs233-pz\learning-bullet-with-opengl-example-code-master (1)\learning-bullet-with-opengl-example-code-master\freeglut\lib\x86\freeglut.ipdb
c:\users\veljk\onedrive\desktop\cs233-pz\learning-bullet-with-opengl-example-code-master (1)\learning-bullet-with-opengl-example-code-master\freeglut\lib\x86\freeglut.iobj
c:\users\veljk\onedrive\desktop\cs233-pz-veljkoarsic-2676\cs233-pz-veljkoarsic-2676\baller\freeglut\lib\x86\freeglut.lib
c:\users\veljk\onedrive\desktop\cs233-pz-veljkoarsic-2676\cs233-pz-veljkoarsic-2676\baller\freeglut\lib\x86\freeglut.exp
c:\users\veljk\onedrive\desktop\cs233-pz-veljkoarsic-2676\cs233-pz-veljkoarsic-2676\baller\freeglut\lib\x86\freeglut.ipdb
c:\users\veljk\onedrive\desktop\cs233-pz-veljkoarsic-2676\cs233-pz-veljkoarsic-2676\baller\freeglut\lib\x86\freeglut.iobj
c:\users\veljk\onedrive\desktop\cs233-pz\learning-bullet-with-opengl-example-code-master (1)\learning-bullet-with-opengl-example-code-master\freeglut\lib\x86\freeglut.dll
c:\users\veljk\onedrive\desktop\cs233-pz\learning-bullet-with-opengl-example-code-master (1)\learning-bullet-with-opengl-example-code-master\freeglut\lib\x86\freeglut.pdb
c:\users\veljk\onedrive\desktop\cs233-pz-veljkoarsic-2676\cs233-pz-veljkoarsic-2676\baller\freeglut\lib\x86\freeglut.dll
c:\users\veljk\onedrive\desktop\cs233-pz-veljkoarsic-2676\cs233-pz-veljkoarsic-2676\baller\freeglut\lib\x86\freeglut.pdb
c:\users\veljk\onedrive\desktop\cs233-pz\learning-bullet-with-opengl-example-code-master (1)\learning-bullet-with-opengl-example-code-master\freeglut\visualstudio\2010\build\release\win32_v142\freeglut.res
c:\users\veljk\onedrive\desktop\cs233-pz-veljkoarsic-2676\cs233-pz-veljkoarsic-2676\baller\freeglut\visualstudio\2010\build\release\win32_v142\freeglut.res
c:\users\veljk\onedrive\desktop\cs233-pz-veljkoarsic-2676\cs233-pz-veljkoarsic-2676\baller\freeglut\visualstudio\2010\..\..\lib\x86\freeglut.dll
c:\users\veljk\onedrive\desktop\cs233-pz-veljkoarsic-2676\cs233-pz-veljkoarsic-2676\baller\freeglut\visualstudio\2010\build\release\win32_v142\freeglut.tlog\cl.command.1.tlog
c:\users\veljk\onedrive\desktop\cs233-pz-veljkoarsic-2676\cs233-pz-veljkoarsic-2676\baller\freeglut\visualstudio\2010\build\release\win32_v142\freeglut.tlog\cl.read.1.tlog
c:\users\veljk\onedrive\desktop\cs233-pz-veljkoarsic-2676\cs233-pz-veljkoarsic-2676\baller\freeglut\visualstudio\2010\build\release\win32_v142\freeglut.tlog\cl.write.1.tlog
c:\users\veljk\onedrive\desktop\cs233-pz-veljkoarsic-2676\cs233-pz-veljkoarsic-2676\baller\freeglut\visualstudio\2010\build\release\win32_v142\freeglut.tlog\freeglut.write.1u.tlog
c:\users\veljk\onedrive\desktop\cs233-pz-veljkoarsic-2676\cs233-pz-veljkoarsic-2676\baller\freeglut\visualstudio\2010\build\release\win32_v142\freeglut.tlog\link.command.1.tlog
c:\users\veljk\onedrive\desktop\cs233-pz-veljkoarsic-2676\cs233-pz-veljkoarsic-2676\baller\freeglut\visualstudio\2010\build\release\win32_v142\freeglut.tlog\link.delete.1.tlog
c:\users\veljk\onedrive\desktop\cs233-pz-veljkoarsic-2676\cs233-pz-veljkoarsic-2676\baller\freeglut\visualstudio\2010\build\release\win32_v142\freeglut.tlog\link.read.1.tlog
c:\users\veljk\onedrive\desktop\cs233-pz-veljkoarsic-2676\cs233-pz-veljkoarsic-2676\baller\freeglut\visualstudio\2010\build\release\win32_v142\freeglut.tlog\link.write.1.tlog
c:\users\veljk\onedrive\desktop\cs233-pz-veljkoarsic-2676\cs233-pz-veljkoarsic-2676\baller\freeglut\visualstudio\2010\build\release\win32_v142\freeglut.tlog\rc.command.1.tlog
c:\users\veljk\onedrive\desktop\cs233-pz-veljkoarsic-2676\cs233-pz-veljkoarsic-2676\baller\freeglut\visualstudio\2010\build\release\win32_v142\freeglut.tlog\rc.read.1.tlog
c:\users\veljk\onedrive\desktop\cs233-pz-veljkoarsic-2676\cs233-pz-veljkoarsic-2676\baller\freeglut\visualstudio\2010\build\release\win32_v142\freeglut.tlog\rc.write.1.tlog
