c:\users\veljk\onedrive\desktop\cs233-pz-veljkoarsic-2676\cs233-pz-veljkoarsic-2676\baller\bullet\build\vs2010\obj\x32\release\linearmath\btalignedallocator.obj
c:\users\veljk\onedrive\desktop\cs233-pz-veljkoarsic-2676\cs233-pz-veljkoarsic-2676\baller\bullet\build\vs2010\obj\x32\release\linearmath\btserializer.obj
c:\users\veljk\onedrive\desktop\cs233-pz-veljkoarsic-2676\cs233-pz-veljkoarsic-2676\baller\bullet\build\vs2010\obj\x32\release\linearmath\btvector3.obj
c:\users\veljk\onedrive\desktop\cs233-pz-veljkoarsic-2676\cs233-pz-veljkoarsic-2676\baller\bullet\build\vs2010\obj\x32\release\linearmath\btquickprof.obj
c:\users\veljk\onedrive\desktop\cs233-pz-veljkoarsic-2676\cs233-pz-veljkoarsic-2676\baller\bullet\build\vs2010\obj\x32\release\linearmath\btgeometryutil.obj
c:\users\veljk\onedrive\desktop\cs233-pz-veljkoarsic-2676\cs233-pz-veljkoarsic-2676\baller\bullet\build\vs2010\obj\x32\release\linearmath\btconvexhullcomputer.obj
c:\users\veljk\onedrive\desktop\cs233-pz-veljkoarsic-2676\cs233-pz-veljkoarsic-2676\baller\bullet\build\vs2010\obj\x32\release\linearmath\btconvexhull.obj
c:\users\veljk\onedrive\desktop\cs233-pz-veljkoarsic-2676\cs233-pz-veljkoarsic-2676\baller\bullet\build\vs2010\obj\x32\release\linearmath\btpolardecomposition.obj
c:\users\veljk\onedrive\desktop\cs233-pz\learning-bullet-with-opengl-example-code-master (1)\learning-bullet-with-opengl-example-code-master\bullet\build\vs2010\obj\x32\release\linearmath\btconvexhullcomputer.obj
c:\users\veljk\onedrive\desktop\cs233-pz\learning-bullet-with-opengl-example-code-master (1)\learning-bullet-with-opengl-example-code-master\bullet\build\vs2010\obj\x32\release\linearmath\btpolardecomposition.obj
c:\users\veljk\onedrive\desktop\cs233-pz\learning-bullet-with-opengl-example-code-master (1)\learning-bullet-with-opengl-example-code-master\bullet\build\vs2010\obj\x32\release\linearmath\btserializer.obj
c:\users\veljk\onedrive\desktop\cs233-pz\learning-bullet-with-opengl-example-code-master (1)\learning-bullet-with-opengl-example-code-master\bullet\build\vs2010\obj\x32\release\linearmath\btquickprof.obj
c:\users\veljk\onedrive\desktop\cs233-pz\learning-bullet-with-opengl-example-code-master (1)\learning-bullet-with-opengl-example-code-master\bullet\build\vs2010\obj\x32\release\linearmath\btgeometryutil.obj
c:\users\veljk\onedrive\desktop\cs233-pz\learning-bullet-with-opengl-example-code-master (1)\learning-bullet-with-opengl-example-code-master\bullet\build\vs2010\obj\x32\release\linearmath\btconvexhull.obj
c:\users\veljk\onedrive\desktop\cs233-pz\learning-bullet-with-opengl-example-code-master (1)\learning-bullet-with-opengl-example-code-master\bullet\build\vs2010\obj\x32\release\linearmath\btalignedallocator.obj
c:\users\veljk\onedrive\desktop\cs233-pz\learning-bullet-with-opengl-example-code-master (1)\learning-bullet-with-opengl-example-code-master\bullet\build\vs2010\obj\x32\release\linearmath\btvector3.obj
c:\users\veljk\onedrive\desktop\cs233-pz\learning-bullet-with-opengl-example-code-master (1)\learning-bullet-with-opengl-example-code-master\bullet\lib\linearmath_vs2010.lib
c:\users\veljk\onedrive\desktop\cs233-pz-veljkoarsic-2676\cs233-pz-veljkoarsic-2676\baller\bullet\lib\linearmath_vs2010.lib
c:\users\veljk\onedrive\desktop\cs233-pz-veljkoarsic-2676\cs233-pz-veljkoarsic-2676\baller\bullet\build\vs2010\..\..\lib\linearmath_vs2010.lib
c:\users\veljk\onedrive\desktop\cs233-pz-veljkoarsic-2676\cs233-pz-veljkoarsic-2676\baller\bullet\build\vs2010\obj\x32\release\linearmath\linearmath.tlog\cl.11756.write.1.tlog
c:\users\veljk\onedrive\desktop\cs233-pz-veljkoarsic-2676\cs233-pz-veljkoarsic-2676\baller\bullet\build\vs2010\obj\x32\release\linearmath\linearmath.tlog\cl.command.1.tlog
c:\users\veljk\onedrive\desktop\cs233-pz-veljkoarsic-2676\cs233-pz-veljkoarsic-2676\baller\bullet\build\vs2010\obj\x32\release\linearmath\linearmath.tlog\cl.read.1.tlog
c:\users\veljk\onedrive\desktop\cs233-pz-veljkoarsic-2676\cs233-pz-veljkoarsic-2676\baller\bullet\build\vs2010\obj\x32\release\linearmath\linearmath.tlog\lib-link.read.1.tlog
c:\users\veljk\onedrive\desktop\cs233-pz-veljkoarsic-2676\cs233-pz-veljkoarsic-2676\baller\bullet\build\vs2010\obj\x32\release\linearmath\linearmath.tlog\lib-link.write.1.tlog
c:\users\veljk\onedrive\desktop\cs233-pz-veljkoarsic-2676\cs233-pz-veljkoarsic-2676\baller\bullet\build\vs2010\obj\x32\release\linearmath\linearmath.tlog\lib.command.1.tlog
